2024-12-18 10:07:02,514 INFO org.springframework.scheduling.concurrent.ExecutorConfigurationSupport [Thread-6] Shutting down ExecutorService 'asyncExecutor'
2024-12-18 10:07:02,590 INFO org.springframework.orm.jpa.AbstractEntityManagerFactoryBean [Thread-6] Closing JPA EntityManagerFactory for persistence unit 'default'
2024-12-18 10:07:02,672 INFO com.zaxxer.hikari.HikariDataSource [Thread-6] HikariPool-1 - Shutdown initiated...
2024-12-18 10:07:02,691 INFO com.zaxxer.hikari.HikariDataSource [Thread-6] HikariPool-1 - Shutdown completed.
2024-12-18 04:37:04,973 INFO org.springframework.boot.StartupInfoLogger [restartedMain] Starting FertilizerApplication on DESKTOP-1AL8LP1 with PID 38068 (D:\Project_Fert\adworks-user\target\classes started by 30514 in D:\Project_Fert\adworks-user)
2024-12-18 04:37:04,975 DEBUG org.springframework.boot.StartupInfoLogger [restartedMain] Running with Spring Boot v2.1.0.RELEASE, Spring v5.1.2.RELEASE
2024-12-18 04:37:04,976 INFO org.springframework.boot.SpringApplication [restartedMain] The following profiles are active: qa
2024-12-18 04:37:09,759 INFO org.springframework.data.repository.config.RepositoryConfigurationDelegate [restartedMain] Bootstrapping Spring Data repositories in DEFAULT mode.
2024-12-18 04:37:10,147 INFO org.springframework.data.repository.config.RepositoryConfigurationDelegate [restartedMain] Finished Spring Data repository scanning in 386ms. Found 24 repository interfaces.
2024-12-18 04:37:10,339 INFO com.ulisesbocchio.jasyptspringboot.configuration.EnableEncryptablePropertiesBeanFactoryPostProcessor [restartedMain] Post-processing PropertySource instances
2024-12-18 04:37:10,340 INFO com.ulisesbocchio.jasyptspringboot.EncryptablePropertySourceConverter [restartedMain] Skipping PropertySource configurationProperties [class org.springframework.boot.context.properties.source.ConfigurationPropertySourcesPropertySource
2024-12-18 04:37:10,340 INFO com.ulisesbocchio.jasyptspringboot.EncryptablePropertySourceConverter [restartedMain] Converting PropertySource commandLineArgs [org.springframework.core.env.SimpleCommandLinePropertySource] to EncryptableEnumerablePropertySourceWrapper
2024-12-18 04:37:10,340 INFO com.ulisesbocchio.jasyptspringboot.EncryptablePropertySourceConverter [restartedMain] Skipping PropertySource servletConfigInitParams [class org.springframework.core.env.PropertySource$StubPropertySource
2024-12-18 04:37:10,340 INFO com.ulisesbocchio.jasyptspringboot.EncryptablePropertySourceConverter [restartedMain] Skipping PropertySource servletContextInitParams [class org.springframework.core.env.PropertySource$StubPropertySource
2024-12-18 04:37:10,340 INFO com.ulisesbocchio.jasyptspringboot.EncryptablePropertySourceConverter [restartedMain] Converting PropertySource systemProperties [org.springframework.core.env.MapPropertySource] to EncryptableMapPropertySourceWrapper
2024-12-18 04:37:10,341 INFO com.ulisesbocchio.jasyptspringboot.EncryptablePropertySourceConverter [restartedMain] Converting PropertySource systemEnvironment [org.springframework.boot.env.SystemEnvironmentPropertySourceEnvironmentPostProcessor$OriginAwareSystemEnvironmentPropertySource] to EncryptableSystemEnvironmentPropertySourceWrapper
2024-12-18 04:37:10,341 INFO com.ulisesbocchio.jasyptspringboot.EncryptablePropertySourceConverter [restartedMain] Converting PropertySource random [org.springframework.boot.env.RandomValuePropertySource] to EncryptablePropertySourceWrapper
2024-12-18 04:37:10,341 INFO com.ulisesbocchio.jasyptspringboot.EncryptablePropertySourceConverter [restartedMain] Converting PropertySource applicationConfig: [classpath:/application-qa.properties] [org.springframework.boot.env.OriginTrackedMapPropertySource] to EncryptableMapPropertySourceWrapper
2024-12-18 04:37:10,341 INFO com.ulisesbocchio.jasyptspringboot.EncryptablePropertySourceConverter [restartedMain] Converting PropertySource devtools [org.springframework.core.env.MapPropertySource] to EncryptableMapPropertySourceWrapper
2024-12-18 04:37:10,426 INFO org.springframework.context.support.PostProcessorRegistrationDelegate$BeanPostProcessorChecker [restartedMain] Bean 'org.springframework.transaction.annotation.ProxyTransactionManagementConfiguration' of type [org.springframework.transaction.annotation.ProxyTransactionManagementConfiguration$$EnhancerBySpringCGLIB$$438dd1ea] is not eligible for getting processed by all BeanPostProcessors (for example: not eligible for auto-proxying)
2024-12-18 04:37:10,443 INFO org.springframework.context.support.PostProcessorRegistrationDelegate$BeanPostProcessorChecker [restartedMain] Bean 'org.springframework.security.config.annotation.configuration.ObjectPostProcessorConfiguration' of type [org.springframework.security.config.annotation.configuration.ObjectPostProcessorConfiguration$$EnhancerBySpringCGLIB$$dc3b9a24] is not eligible for getting processed by all BeanPostProcessors (for example: not eligible for auto-proxying)
2024-12-18 04:37:10,451 INFO org.springframework.context.support.PostProcessorRegistrationDelegate$BeanPostProcessorChecker [restartedMain] Bean 'objectPostProcessor' of type [org.springframework.security.config.annotation.configuration.AutowireBeanFactoryObjectPostProcessor] is not eligible for getting processed by all BeanPostProcessors (for example: not eligible for auto-proxying)
2024-12-18 04:37:10,452 INFO org.springframework.context.support.PostProcessorRegistrationDelegate$BeanPostProcessorChecker [restartedMain] Bean 'org.springframework.security.access.expression.method.DefaultMethodSecurityExpressionHandler@2517c888' of type [org.springframework.security.access.expression.method.DefaultMethodSecurityExpressionHandler] is not eligible for getting processed by all BeanPostProcessors (for example: not eligible for auto-proxying)
2024-12-18 04:37:10,453 INFO org.springframework.context.support.PostProcessorRegistrationDelegate$BeanPostProcessorChecker [restartedMain] Bean 'org.springframework.security.config.annotation.method.configuration.GlobalMethodSecurityConfiguration' of type [org.springframework.security.config.annotation.method.configuration.GlobalMethodSecurityConfiguration$$EnhancerBySpringCGLIB$$1103cd6] is not eligible for getting processed by all BeanPostProcessors (for example: not eligible for auto-proxying)
2024-12-18 04:37:10,459 INFO org.springframework.context.support.PostProcessorRegistrationDelegate$BeanPostProcessorChecker [restartedMain] Bean 'org.springframework.security.config.annotation.method.configuration.Jsr250MetadataSourceConfiguration' of type [org.springframework.security.config.annotation.method.configuration.Jsr250MetadataSourceConfiguration$$EnhancerBySpringCGLIB$$266554ec] is not eligible for getting processed by all BeanPostProcessors (for example: not eligible for auto-proxying)
2024-12-18 04:37:10,462 INFO org.springframework.context.support.PostProcessorRegistrationDelegate$BeanPostProcessorChecker [restartedMain] Bean 'jsr250MethodSecurityMetadataSource' of type [org.springframework.security.access.annotation.Jsr250MethodSecurityMetadataSource] is not eligible for getting processed by all BeanPostProcessors (for example: not eligible for auto-proxying)
2024-12-18 04:37:10,462 INFO org.springframework.context.support.PostProcessorRegistrationDelegate$BeanPostProcessorChecker [restartedMain] Bean 'methodSecurityMetadataSource' of type [org.springframework.security.access.method.DelegatingMethodSecurityMetadataSource] is not eligible for getting processed by all BeanPostProcessors (for example: not eligible for auto-proxying)
2024-12-18 04:37:10,472 INFO org.springframework.context.support.PostProcessorRegistrationDelegate$BeanPostProcessorChecker [restartedMain] Bean 'org.springframework.hateoas.config.HateoasConfiguration' of type [org.springframework.hateoas.config.HateoasConfiguration$$EnhancerBySpringCGLIB$$c30e1f1c] is not eligible for getting processed by all BeanPostProcessors (for example: not eligible for auto-proxying)
2024-12-18 04:37:10,523 INFO com.ulisesbocchio.jasyptspringboot.filter.DefaultLazyPropertyFilter [restartedMain] Property Filter custom Bean not found with name 'encryptablePropertyFilter'. Initializing Default Property Filter
2024-12-18 04:37:10,526 INFO com.ulisesbocchio.jasyptspringboot.resolver.DefaultLazyPropertyResolver [restartedMain] Property Resolver custom Bean not found with name 'encryptablePropertyResolver'. Initializing Default Property Resolver
2024-12-18 04:37:10,528 INFO com.ulisesbocchio.jasyptspringboot.detector.DefaultLazyPropertyDetector [restartedMain] Property Detector custom Bean not found with name 'encryptablePropertyDetector'. Initializing Default Property Detector
2024-12-18 04:37:10,973 INFO org.springframework.boot.web.embedded.tomcat.TomcatWebServer [restartedMain] Tomcat initialized with port(s): 5000 (http)
2024-12-18 04:37:10,975 INFO org.apache.juli.logging.DirectJDKLog [restartedMain] Initializing ProtocolHandler ["http-nio-5000"]
2024-12-18 04:37:10,976 INFO org.apache.juli.logging.DirectJDKLog [restartedMain] Starting service [Tomcat]
2024-12-18 04:37:10,979 INFO org.apache.juli.logging.DirectJDKLog [restartedMain] Starting Servlet Engine: Apache Tomcat/9.0.12
2024-12-18 04:37:11,263 INFO org.apache.juli.logging.DirectJDKLog [restartedMain] Initializing Spring embedded WebApplicationContext
2024-12-18 04:37:11,263 DEBUG org.springframework.boot.web.servlet.context.ServletWebServerApplicationContext [restartedMain] Published root WebApplicationContext as ServletContext attribute with name [org.springframework.web.context.WebApplicationContext.ROOT]
2024-12-18 04:37:11,264 INFO org.springframework.boot.web.servlet.context.ServletWebServerApplicationContext [restartedMain] Root WebApplicationContext: initialization completed in 6273 ms
2024-12-18 04:37:11,530 INFO com.zaxxer.hikari.HikariDataSource [restartedMain] HikariPool-2 - Starting...
2024-12-18 04:37:11,566 INFO com.zaxxer.hikari.HikariDataSource [restartedMain] HikariPool-2 - Start completed.
2024-12-18 04:37:11,639 INFO org.hibernate.jpa.internal.util.LogHelper [restartedMain] HHH000204: Processing PersistenceUnitInfo [
	name: default
	...]
2024-12-18 04:37:11,689 INFO org.hibernate.dialect.Dialect [restartedMain] HHH000400: Using dialect: com.fertilizer.config.MyCustomMYSQLDialect
2024-12-18 04:37:13,053 INFO org.springframework.orm.jpa.AbstractEntityManagerFactoryBean [restartedMain] Initialized JPA EntityManagerFactory for persistence unit 'default'
2024-12-18 04:37:13,234 INFO org.hibernate.hql.internal.QueryTranslatorFactoryInitiator [restartedMain] HHH000397: Using ASTQueryTranslatorFactory
2024-12-18 04:37:13,748 INFO org.springframework.boot.web.servlet.AbstractFilterRegistrationBean [restartedMain] Mapping filter: 'characterEncodingFilter' to: [/*]
2024-12-18 04:37:13,748 INFO org.springframework.boot.web.servlet.AbstractFilterRegistrationBean [restartedMain] Mapping filter: 'springSecurityFilterChain' to: [/*]
2024-12-18 04:37:13,749 INFO org.springframework.boot.web.servlet.AbstractFilterRegistrationBean [restartedMain] Mapping filter: 'myLoggerFilter' to: [/*]
2024-12-18 04:37:13,749 INFO org.springframework.boot.web.servlet.AbstractFilterRegistrationBean [restartedMain] Mapping filter: 'requestResponseLoggingFilter' to: [/*]
2024-12-18 04:37:13,750 INFO org.springframework.boot.web.servlet.AbstractFilterRegistrationBean [restartedMain] Mapping filter: 'jwtAuthenticationFilter' to: [/*]
2024-12-18 04:37:13,751 INFO org.springframework.boot.web.servlet.ServletRegistrationBean [restartedMain] Servlet dispatcherServlet mapped to [/]
2024-12-18 04:37:13,752 INFO org.springframework.boot.web.servlet.ServletRegistrationBean [restartedMain] Servlet webServlet mapped to [/h2-console/*]
2024-12-18 04:37:13,753 DEBUG org.springframework.web.filter.GenericFilterBean [restartedMain] Filter 'jwtAuthenticationFilter' configured for use
2024-12-18 04:37:13,755 DEBUG org.springframework.web.filter.GenericFilterBean [restartedMain] Filter 'requestResponseLoggingFilter' configured for use
2024-12-18 04:37:15,728 TRACE org.springframework.web.servlet.handler.AbstractHandlerMethodMapping [restartedMain] Mapped 2 handler method(s) for class com.fertilizer.controller.AuthController: {public org.springframework.http.ResponseEntity com.fertilizer.controller.AuthController.logoutAuthenticateUser(javax.servlet.http.HttpServletRequest,javax.servlet.http.HttpServletResponse)={[/auth/signout],methods=[POST]}, public org.springframework.http.ResponseEntity com.fertilizer.controller.AuthController.authenticateUser(com.fertilizer.request1.LoginRequest,javax.servlet.http.HttpServletRequest,javax.servlet.http.HttpServletResponse)={[/auth/signin],methods=[POST]}}
2024-12-18 04:37:15,734 TRACE org.springframework.web.servlet.handler.AbstractHandlerMethodMapping [restartedMain] Mapped 3 handler method(s) for class com.fertilizer.controller.CartController: {public com.fertilizer.model.Cart com.fertilizer.controller.CartController.addTocart(java.lang.Integer)={[/addToCart/{productId}],methods=[GET]}, public void com.fertilizer.controller.CartController.deleteCartItem(java.lang.Integer)={[/deleteCartItem/{cartId}],methods=[DELETE]}, public java.util.List com.fertilizer.controller.CartController.getCartDetails()={[/getCartDetails],methods=[GET]}}
2024-12-18 04:37:15,736 TRACE org.springframework.web.servlet.handler.AbstractHandlerMethodMapping [restartedMain] Mapped 4 handler method(s) for class com.fertilizer.controller.CityController: {public org.springframework.http.ResponseEntity com.fertilizer.controller.CityController.getAllCity(com.fertilizer.request1.CityListRequestDTO)={[/city1],methods=[POST]}, public org.springframework.http.ResponseEntity com.fertilizer.controller.CityController.getAllCity(com.fertilizer.request1.CitySearchRequest)={[/city],methods=[POST]}, public org.springframework.http.ResponseEntity com.fertilizer.controller.CityController.getAllCountry(com.fertilizer.request.CountryListRequestDTO)={[/country],methods=[GET]}, public org.springframework.http.ResponseEntity com.fertilizer.controller.CityController.getAllState(com.fertilizer.request1.StateListRequestDTO)={[/state],methods=[GET]}}
2024-12-18 04:37:15,738 TRACE org.springframework.web.servlet.handler.AbstractHandlerMethodMapping [restartedMain] Mapped 1 handler method(s) for class com.fertilizer.controller.CommissionController: {public org.springframework.http.ResponseEntity com.fertilizer.controller.CommissionController.uploadPaymentReceipt(com.fertilizer.request.RegistrationPaymentRequest,org.springframework.web.multipart.MultipartFile[])={[/uploadPaymentReceipt],methods=[POST],consumes=[multipart/form-data]}}
2024-12-18 04:37:15,739 TRACE org.springframework.web.servlet.handler.AbstractHandlerMethodMapping [restartedMain] Mapped 0 handler method(s) for class com.fertilizer.controller.OrderController: {}
2024-12-18 04:37:15,740 TRACE org.springframework.web.servlet.handler.AbstractHandlerMethodMapping [restartedMain] Mapped 3 handler method(s) for class com.fertilizer.controller.OrderDetailController: {public java.util.List com.fertilizer.controller.OrderDetailController.getAllOrderDetails()={[/getAllOrderDetails],methods=[GET]}, public void com.fertilizer.controller.OrderDetailController.placeOrder(boolean,com.fertilizer.model.OrderInput)={[/placeOrder/{isSingleProductCheckout}],methods=[POST]}, public java.util.List com.fertilizer.controller.OrderDetailController.getOrderDetails()={[/getOrderDetails],methods=[GET]}}
2024-12-18 04:37:15,745 TRACE org.springframework.web.servlet.handler.AbstractHandlerMethodMapping [restartedMain] Mapped 4 handler method(s) for class com.fertilizer.controller.PasswordController: {public org.springframework.http.ResponseEntity com.fertilizer.controller.PasswordController.verifyPasswordRecoveryOtp(com.fertilizer.request1.UserOtpDTO)={[/verify-password-recovery-otp],methods=[POST]}, public org.springframework.http.ResponseEntity com.fertilizer.controller.PasswordController.getPasswordRecoveryOtp(java.lang.String)={[/get-password-recovery-otp],methods=[GET]}, public org.springframework.http.ResponseEntity com.fertilizer.controller.PasswordController.resetPassword(com.fertilizer.request1.ResetPasswordDto)={[/reset-password],methods=[POST]}, public org.springframework.http.ResponseEntity com.fertilizer.controller.PasswordController.changePassword(com.fertilizer.request1.ChangePasswordDto,javax.servlet.http.HttpServletRequest)={[/change-password],methods=[POST]}}
2024-12-18 04:37:15,753 TRACE org.springframework.web.servlet.handler.AbstractHandlerMethodMapping [restartedMain] Mapped 5 handler method(s) for class com.fertilizer.controller.ProductController: {public void com.fertilizer.controller.ProductController.deleteProductDetailes(java.lang.Integer)={[/deleteProductDetails/{productId}],methods=[DELETE]}, public java.util.List com.fertilizer.controller.ProductController.getProductDetails(boolean,java.lang.Integer)={[/getProductDetails/{isSingeProductCheckout}/{productId}],methods=[GET]}, public com.fertilizer.model.Product com.fertilizer.controller.ProductController.getProductDetailsById(java.lang.Integer)={[/getProductDetailsById/{productId}],methods=[GET]}, public java.util.List com.fertilizer.controller.ProductController.getAllProducts(int,java.lang.String)={[/getAllProducts],methods=[GET]}, public com.fertilizer.model.Product com.fertilizer.controller.ProductController.addNewProduct(com.fertilizer.model.Product,org.springframework.web.multipart.MultipartFile[])={[/addNewProduct],methods=[POST],consumes=[multipart/form-data]}}
2024-12-18 04:37:15,759 TRACE org.springframework.web.servlet.handler.AbstractHandlerMethodMapping [restartedMain] Mapped 7 handler method(s) for class com.fertilizer.controller.RoleController: {public org.springframework.http.ResponseEntity com.fertilizer.controller.RoleController.updateSubUserProfile(java.lang.Long,com.fertilizer.request1.RoleBasedUpdateUserDTO,javax.servlet.http.HttpServletRequest)={[/role/update-sub-user-profile/{userId}],methods=[PUT]}, public org.springframework.http.ResponseEntity com.fertilizer.controller.RoleController.getSubUserRegistrationData(java.lang.Long)={[/role/sub-user-registered-detail],methods=[GET]}, public org.springframework.http.ResponseEntity com.fertilizer.controller.RoleController.activateOrDeactivatesubUser(java.lang.Long,java.lang.String)={[/role],methods=[PATCH]}, public org.springframework.http.ResponseEntity com.fertilizer.controller.RoleController.getOrderCountForUser(java.lang.Long)={[/role/get-order-count],methods=[GET]}, public org.springframework.http.ResponseEntity com.fertilizer.controller.RoleController.updateSubUserDetailsBySuperAdmin(java.lang.Long,com.fertilizer.request1.RoleBasedUpdateUserDTO)={[/role/update-sub-user-details/{userId}],methods=[PUT]}, public org.springframework.http.ResponseEntity com.fertilizer.controller.RoleController.resendSubUserOnboardingLink(java.lang.Long)={[/role/resend-user-onboarding-link],methods=[POST]}, public org.springframework.http.ResponseEntity com.fertilizer.controller.RoleController.addUser(com.fertilizer.request1.RoleBasedUserCreateDTO)={[/role/addUser],methods=[POST]}}
2024-12-18 04:37:15,780 TRACE org.springframework.web.servlet.handler.AbstractHandlerMethodMapping [restartedMain] Mapped 11 handler method(s) for class com.fertilizer.controller.UserController: {public org.springframework.http.ResponseEntity com.fertilizer.controller.UserController.getAllUsersByAdmin(com.fertilizer.request.AdminUserSearch)={[/getAllUsersByAdmin],methods=[POST]}, public org.springframework.http.ResponseEntity com.fertilizer.controller.UserController.updateUserProfileDetailDTO(com.fertilizer.request1.UserUpdate,javax.servlet.http.HttpServletRequest)={[/user/me],methods=[PATCH]}, public org.springframework.http.ResponseEntity com.fertilizer.controller.UserController.getUserProfileDetailDTO()={[/user/me],methods=[GET]}, public boolean com.fertilizer.controller.UserController.checkEmail(java.lang.String)={[/emailUniqueness],methods=[POST]}, public org.springframework.http.ResponseEntity com.fertilizer.controller.UserController.signUpUser(com.fertilizer.request.SignUpRequest)={[/signUp],methods=[POST]}, public org.springframework.http.ResponseEntity com.fertilizer.controller.UserController.reRegister()={[/reEntry],methods=[GET]}, public org.springframework.http.ResponseEntity com.fertilizer.controller.UserController.getUserHierarchy()={[/getAllUsers],methods=[GET]}, public org.springframework.http.ResponseEntity com.fertilizer.controller.UserController.editProfile(com.fertilizer.DTO.EditProfileRequestDTO)={[/profile],methods=[PUT]}, public org.springframework.http.ResponseEntity com.fertilizer.controller.UserController.activateUser(java.lang.Long)={[/activateUser],methods=[POST]}, public org.springframework.http.ResponseEntity com.fertilizer.controller.UserController.viewProfile()={[/profile],methods=[GET]}, public org.springframework.http.ResponseEntity com.fertilizer.controller.UserController.updatePayment(com.fertilizer.request.UpdatePaymentPayload)={[/updatePayment],methods=[POST]}}
2024-12-18 04:37:15,789 TRACE org.springframework.web.servlet.handler.AbstractHandlerMethodMapping [restartedMain] Mapped 3 handler method(s) for class springfox.documentation.swagger.web.ApiResourceController: {public org.springframework.http.ResponseEntity springfox.documentation.swagger.web.ApiResourceController.securityConfiguration()={[/swagger-resources/configuration/security]}, public org.springframework.http.ResponseEntity springfox.documentation.swagger.web.ApiResourceController.swaggerResources()={[/swagger-resources]}, public org.springframework.http.ResponseEntity springfox.documentation.swagger.web.ApiResourceController.uiConfiguration()={[/swagger-resources/configuration/ui]}}
2024-12-18 04:37:15,795 TRACE org.springframework.web.servlet.handler.AbstractHandlerMethodMapping [restartedMain] Mapped 2 handler method(s) for class org.springframework.boot.autoconfigure.web.servlet.error.BasicErrorController: {public org.springframework.http.ResponseEntity org.springframework.boot.autoconfigure.web.servlet.error.BasicErrorController.error(javax.servlet.http.HttpServletRequest)={[/error]}, public org.springframework.web.servlet.ModelAndView org.springframework.boot.autoconfigure.web.servlet.error.BasicErrorController.errorHtml(javax.servlet.http.HttpServletRequest,javax.servlet.http.HttpServletResponse)={[/error],produces=[text/html]}}
2024-12-18 04:37:15,804 DEBUG org.springframework.web.servlet.handler.AbstractHandlerMethodMapping [restartedMain] 45 mappings in 'requestMappingHandlerMapping'
2024-12-18 04:37:15,967 INFO org.springframework.scheduling.concurrent.ExecutorConfigurationSupport [restartedMain] Initializing ExecutorService
2024-12-18 04:37:15,968 INFO org.springframework.scheduling.concurrent.ExecutorConfigurationSupport [restartedMain] Initializing ExecutorService 'asyncExecutor'
2024-12-18 04:37:16,193 INFO springfox.documentation.spring.web.PropertySourcedRequestMappingHandlerMapping [restartedMain] Mapped URL path [/v2/api-docs] onto method [public org.springframework.http.ResponseEntity<springfox.documentation.spring.web.json.Json> springfox.documentation.swagger2.web.Swagger2Controller.getDocumentation(java.lang.String,javax.servlet.http.HttpServletRequest)]
2024-12-18 04:37:16,250 TRACE org.springframework.web.servlet.handler.AbstractUrlHandlerMapping [restartedMain] Mapped [/documentation/v2/api-docs] onto ParameterizableViewController [view=org.springframework.web.servlet.view.RedirectView: [RedirectView]; URL [/v2/api-docs]]
2024-12-18 04:37:16,251 TRACE org.springframework.web.servlet.handler.AbstractUrlHandlerMapping [restartedMain] Mapped [/documentation/swagger-resources/configuration/ui] onto ParameterizableViewController [view=org.springframework.web.servlet.view.RedirectView: [RedirectView]; URL [/swagger-resources/configuration/ui]]
2024-12-18 04:37:16,252 TRACE org.springframework.web.servlet.handler.AbstractUrlHandlerMapping [restartedMain] Mapped [/documentation/swagger-resources/configuration/security] onto ParameterizableViewController [view=org.springframework.web.servlet.view.RedirectView: [RedirectView]; URL [/swagger-resources/configuration/security]]
2024-12-18 04:37:16,252 TRACE org.springframework.web.servlet.handler.AbstractUrlHandlerMapping [restartedMain] Mapped [/documentation/swagger-resources] onto ParameterizableViewController [view=org.springframework.web.servlet.view.RedirectView: [RedirectView]; URL [/swagger-resources]]
2024-12-18 04:37:16,253 DEBUG org.springframework.web.servlet.handler.SimpleUrlHandlerMapping [restartedMain] Patterns [/documentation/v2/api-docs, /documentation/swagger-resources/configuration/ui, /documentation/swagger-resources/configuration/security, /documentation/swagger-resources] in 'viewControllerHandlerMapping'
2024-12-18 04:37:16,274 DEBUG org.springframework.web.servlet.handler.AbstractDetectingUrlHandlerMapping [restartedMain] Detected 0 mappings in 'beanNameHandlerMapping'
2024-12-18 04:37:16,294 TRACE org.springframework.web.servlet.handler.AbstractUrlHandlerMapping [restartedMain] Mapped [/documentation/**] onto ResourceHttpRequestHandler ["classpath:/META-INF/resources/"]
2024-12-18 04:37:16,294 TRACE org.springframework.web.servlet.handler.AbstractUrlHandlerMapping [restartedMain] Mapped [/**] onto ResourceHttpRequestHandler ["classpath:/resources/"]
2024-12-18 04:37:16,296 DEBUG org.springframework.web.servlet.handler.SimpleUrlHandlerMapping [restartedMain] Patterns [/documentation/**, /**] in 'resourceHandlerMapping'
2024-12-18 04:37:16,313 INFO org.springframework.security.web.DefaultSecurityFilterChain [restartedMain] Creating filter chain: any request, [org.springframework.security.web.context.request.async.WebAsyncManagerIntegrationFilter@cc5979b, org.springframework.security.web.context.SecurityContextPersistenceFilter@49f558f, org.springframework.security.web.header.HeaderWriterFilter@5c175590, org.springframework.web.filter.CorsFilter@2a66c4e3, org.springframework.security.web.authentication.logout.LogoutFilter@3530957c, com.fertilizer.config.JwtAuthenticationFilter@4ac2fd2a, org.springframework.security.web.savedrequest.RequestCacheAwareFilter@6565670a, org.springframework.security.web.servletapi.SecurityContextHolderAwareRequestFilter@3b815e3, org.springframework.security.web.authentication.AnonymousAuthenticationFilter@3769c63, com.fertilizer.util.CorsFilter@263be24b, org.springframework.security.web.session.SessionManagementFilter@52cc9e46, org.springframework.security.web.access.ExceptionTranslationFilter@5796c1af, org.springframework.security.web.access.intercept.FilterSecurityInterceptor@555e16d0]
2024-12-18 04:37:16,509 INFO org.springframework.boot.devtools.autoconfigure.OptionalLiveReloadServer [restartedMain] LiveReload server is running on port 35729
2024-12-18 04:37:16,540 DEBUG org.springframework.web.servlet.mvc.method.annotation.RequestMappingHandlerAdapter [restartedMain] ControllerAdvice beans: 0 @ModelAttribute, 0 @InitBinder, 1 RequestBodyAdvice, 1, ResponseBodyAdvice
2024-12-18 04:37:16,632 DEBUG org.springframework.web.servlet.mvc.method.annotation.ExceptionHandlerExceptionResolver [restartedMain] ControllerAdvice beans: 20 @ExceptionHandler, 1 ResponseBodyAdvice
2024-12-18 04:37:16,729 WARN org.springframework.boot.autoconfigure.orm.jpa.JpaBaseConfiguration$JpaWebConfiguration$JpaWebMvcConfiguration [restartedMain] spring.jpa.open-in-view is enabled by default. Therefore, database queries may be performed during view rendering. Explicitly configure spring.jpa.open-in-view to disable this warning
2024-12-18 04:37:17,555 INFO springfox.documentation.spring.web.plugins.DocumentationPluginsBootstrapper [restartedMain] Context refreshed
2024-12-18 04:37:17,557 INFO springfox.documentation.spring.web.plugins.DocumentationPluginsBootstrapper [restartedMain] Found 1 custom documentation plugin(s)
2024-12-18 04:37:17,570 INFO springfox.documentation.spring.web.scanners.ApiListingReferenceScanner [restartedMain] Scanning for api listing references
2024-12-18 04:37:17,653 INFO springfox.documentation.spring.web.readers.operation.CachingOperationNameGenerator [restartedMain] Generating unique operation named: getAllCityUsingPOST_1
2024-12-18 04:37:17,934 INFO org.apache.juli.logging.DirectJDKLog [restartedMain] Starting ProtocolHandler ["http-nio-5000"]
2024-12-18 04:37:17,949 INFO org.apache.juli.logging.DirectJDKLog [restartedMain] Using a shared selector for servlet write/read
2024-12-18 04:37:18,092 INFO org.springframework.boot.web.embedded.tomcat.TomcatWebServer [restartedMain] Tomcat started on port(s): 5000 (http) with context path '/api'
2024-12-18 04:37:18,128 INFO com.ulisesbocchio.jasyptspringboot.caching.RefreshScopeRefreshedEventListener [restartedMain] Refreshing cached encryptable property sources on ServletWebServerInitializedEvent
2024-12-18 04:37:18,129 INFO com.ulisesbocchio.jasyptspringboot.caching.CachingDelegateEncryptablePropertySource [restartedMain] Property Source commandLineArgs refreshed
2024-12-18 04:37:18,129 INFO com.ulisesbocchio.jasyptspringboot.caching.CachingDelegateEncryptablePropertySource [restartedMain] Property Source systemProperties refreshed
2024-12-18 04:37:18,129 INFO com.ulisesbocchio.jasyptspringboot.caching.CachingDelegateEncryptablePropertySource [restartedMain] Property Source systemEnvironment refreshed
2024-12-18 04:37:18,129 INFO com.ulisesbocchio.jasyptspringboot.caching.CachingDelegateEncryptablePropertySource [restartedMain] Property Source random refreshed
2024-12-18 04:37:18,129 INFO com.ulisesbocchio.jasyptspringboot.caching.CachingDelegateEncryptablePropertySource [restartedMain] Property Source applicationConfig: [classpath:/application-qa.properties] refreshed
2024-12-18 04:37:18,129 INFO com.ulisesbocchio.jasyptspringboot.caching.CachingDelegateEncryptablePropertySource [restartedMain] Property Source devtools refreshed
2024-12-18 04:37:18,129 INFO com.ulisesbocchio.jasyptspringboot.EncryptablePropertySourceConverter [restartedMain] Skipping PropertySource configurationProperties [class org.springframework.boot.context.properties.source.ConfigurationPropertySourcesPropertySource
2024-12-18 04:37:18,131 INFO com.ulisesbocchio.jasyptspringboot.EncryptablePropertySourceConverter [restartedMain] Skipping PropertySource servletConfigInitParams [class org.springframework.core.env.PropertySource$StubPropertySource
2024-12-18 04:37:18,131 INFO com.ulisesbocchio.jasyptspringboot.EncryptablePropertySourceConverter [restartedMain] Converting PropertySource servletContextInitParams [org.springframework.web.context.support.ServletContextPropertySource] to EncryptableEnumerablePropertySourceWrapper
2024-12-18 04:37:18,132 INFO org.springframework.boot.StartupInfoLogger [restartedMain] Started FertilizerApplication in 13.367 seconds (JVM running for 80416.423)
2024-12-18 04:37:18,166 INFO org.springframework.boot.devtools.autoconfigure.ConditionEvaluationDeltaLoggingListener [restartedMain] Condition evaluation unchanged
2024-12-18 04:38:19,330 INFO org.springframework.scheduling.concurrent.ExecutorConfigurationSupport [Thread-15] Shutting down ExecutorService 'asyncExecutor'
2024-12-18 04:38:19,348 INFO org.springframework.orm.jpa.AbstractEntityManagerFactoryBean [Thread-15] Closing JPA EntityManagerFactory for persistence unit 'default'
2024-12-18 04:38:19,366 INFO com.zaxxer.hikari.HikariDataSource [Thread-15] HikariPool-2 - Shutdown initiated...
2024-12-18 04:38:19,384 INFO com.zaxxer.hikari.HikariDataSource [Thread-15] HikariPool-2 - Shutdown completed.
2024-12-18 18:02:49,670 ERROR org.springframework.boot.SpringApplication [main] Application run failed
java.lang.IllegalStateException: java.lang.IllegalStateException: Logback configuration error detected: 
ERROR in ch.qos.logback.classic.pattern.ClassOfCallerConverter@62435e70 - failed to parse integer string [1.] java.lang.NumberFormatException: For input string: "1."
ERROR in ch.qos.logback.classic.pattern.ClassOfCallerConverter@339bf286 - failed to parse integer string [1.] java.lang.NumberFormatException: For input string: "1."
	at org.springframework.boot.context.logging.LoggingApplicationListener.initializeSystem(LoggingApplicationListener.java:347)
	at org.springframework.boot.context.logging.LoggingApplicationListener.initialize(LoggingApplicationListener.java:298)
	at org.springframework.boot.context.logging.LoggingApplicationListener.onApplicationEnvironmentPreparedEvent(LoggingApplicationListener.java:246)
	at org.springframework.boot.context.logging.LoggingApplicationListener.onApplicationEvent(LoggingApplicationListener.java:223)
	at org.springframework.context.event.SimpleApplicationEventMulticaster.doInvokeListener(SimpleApplicationEventMulticaster.java:176)
	at org.springframework.context.event.SimpleApplicationEventMulticaster.invokeListener(SimpleApplicationEventMulticaster.java:169)
	at org.springframework.context.event.SimpleApplicationEventMulticaster.multicastEvent(SimpleApplicationEventMulticaster.java:143)
	at org.springframework.context.event.SimpleApplicationEventMulticaster.multicastEvent(SimpleApplicationEventMulticaster.java:131)
	at org.springframework.boot.context.event.EventPublishingRunListener.multicastInitialEvent(EventPublishingRunListener.java:136)
	at org.springframework.boot.context.event.EventPublishingRunListener.environmentPrepared(EventPublishingRunListener.java:81)
	at org.springframework.boot.SpringApplicationRunListeners.lambda$environmentPrepared$2(SpringApplicationRunListeners.java:64)
	at java.base/java.lang.Iterable.forEach(Iterable.java:75)
	at org.springframework.boot.SpringApplicationRunListeners.doWithListeners(SpringApplicationRunListeners.java:118)
	at org.springframework.boot.SpringApplicationRunListeners.doWithListeners(SpringApplicationRunListeners.java:112)
	at org.springframework.boot.SpringApplicationRunListeners.environmentPrepared(SpringApplicationRunListeners.java:63)
	at org.springframework.boot.SpringApplication.prepareEnvironment(SpringApplication.java:352)
	at org.springframework.boot.SpringApplication.run(SpringApplication.java:303)
	at org.springframework.boot.SpringApplication.run(SpringApplication.java:1302)
	at org.springframework.boot.SpringApplication.run(SpringApplication.java:1291)
	at com.fertilizer.FertilizerApplication.main(FertilizerApplication.java:29)
Caused by: java.lang.IllegalStateException: Logback configuration error detected: 
ERROR in ch.qos.logback.classic.pattern.ClassOfCallerConverter@62435e70 - failed to parse integer string [1.] java.lang.NumberFormatException: For input string: "1."
ERROR in ch.qos.logback.classic.pattern.ClassOfCallerConverter@339bf286 - failed to parse integer string [1.] java.lang.NumberFormatException: For input string: "1."
	at org.springframework.boot.logging.logback.LogbackLoggingSystem.loadConfiguration(LogbackLoggingSystem.java:251)
	at org.springframework.boot.logging.AbstractLoggingSystem.initializeWithSpecificConfig(AbstractLoggingSystem.java:66)
	at org.springframework.boot.logging.AbstractLoggingSystem.initialize(AbstractLoggingSystem.java:57)
	at org.springframework.boot.logging.logback.LogbackLoggingSystem.initialize(LogbackLoggingSystem.java:186)
	at org.springframework.boot.context.logging.LoggingApplicationListener.initializeSystem(LoggingApplicationListener.java:335)
	... 19 common frames omitted
2024-12-18 18:09:14,633 INFO o.h.v.i.u.Version [background-preinit] HV000001: Hibernate Validator 8.0.0.Final
2024-12-18 18:09:15,690 INFO o.s.b.StartupInfoLogger [main] Starting FertilizerApplication using Java 17.0.13 with PID 24228 (D:\Project_Fert\Test\fertilizer\target\classes started by 30514 in D:\Project_Fert\Test\fertilizer)
2024-12-18 18:09:15,690 DEBUG o.s.b.StartupInfoLogger [main] Running with Spring Boot v3.0.0, Spring v6.0.2
2024-12-18 18:09:15,691 INFO o.s.b.SpringApplication [main] The following 1 profile is active: "qa"
2024-12-18 18:09:17,923 ERROR o.s.b.SpringApplication [main] Application run failed
java.lang.TypeNotPresentException: Type javax.servlet.http.HttpServletRequest not present
	at java.base/sun.reflect.generics.factory.CoreReflectionFactory.makeNamedType(CoreReflectionFactory.java:117)
	at java.base/sun.reflect.generics.visitor.Reifier.visitClassTypeSignature(Reifier.java:125)
	at java.base/sun.reflect.generics.tree.ClassTypeSignature.accept(ClassTypeSignature.java:49)
	at java.base/sun.reflect.generics.visitor.Reifier.reifyTypeArguments(Reifier.java:68)
	at java.base/sun.reflect.generics.visitor.Reifier.visitClassTypeSignature(Reifier.java:138)
	at java.base/sun.reflect.generics.tree.ClassTypeSignature.accept(ClassTypeSignature.java:49)
	at java.base/sun.reflect.generics.repository.ClassRepository.computeSuperInterfaces(ClassRepository.java:117)
	at java.base/sun.reflect.generics.repository.ClassRepository.getSuperInterfaces(ClassRepository.java:95)
	at java.base/java.lang.Class.getGenericInterfaces(Class.java:1211)
	at org.springframework.core.ResolvableType.getInterfaces(ResolvableType.java:500)
	at org.springframework.core.ResolvableType.as(ResolvableType.java:448)
	at org.springframework.core.ResolvableType.forClass(ResolvableType.java:1048)
	at org.springframework.plugin.core.config.PluginRegistriesBeanDefinitionRegistrar.getTargetType(PluginRegistriesBeanDefinitionRegistrar.java:101)
	at org.springframework.plugin.core.config.PluginRegistriesBeanDefinitionRegistrar.registerBeanDefinitions(PluginRegistriesBeanDefinitionRegistrar.java:71)
	at org.springframework.context.annotation.ImportBeanDefinitionRegistrar.registerBeanDefinitions(ImportBeanDefinitionRegistrar.java:86)
	at org.springframework.context.annotation.ConfigurationClassBeanDefinitionReader.lambda$loadBeanDefinitionsFromRegistrars$1(ConfigurationClassBeanDefinitionReader.java:373)
	at java.base/java.util.LinkedHashMap.forEach(LinkedHashMap.java:721)
	at org.springframework.context.annotation.ConfigurationClassBeanDefinitionReader.loadBeanDefinitionsFromRegistrars(ConfigurationClassBeanDefinitionReader.java:372)
	at org.springframework.context.annotation.ConfigurationClassBeanDefinitionReader.loadBeanDefinitionsForConfigurationClass(ConfigurationClassBeanDefinitionReader.java:148)
	at org.springframework.context.annotation.ConfigurationClassBeanDefinitionReader.loadBeanDefinitions(ConfigurationClassBeanDefinitionReader.java:120)
	at org.springframework.context.annotation.ConfigurationClassPostProcessor.processConfigBeanDefinitions(ConfigurationClassPostProcessor.java:409)
	at org.springframework.context.annotation.ConfigurationClassPostProcessor.postProcessBeanDefinitionRegistry(ConfigurationClassPostProcessor.java:283)
	at org.springframework.context.support.PostProcessorRegistrationDelegate.invokeBeanDefinitionRegistryPostProcessors(PostProcessorRegistrationDelegate.java:344)
	at org.springframework.context.support.PostProcessorRegistrationDelegate.invokeBeanFactoryPostProcessors(PostProcessorRegistrationDelegate.java:115)
	at org.springframework.context.support.AbstractApplicationContext.invokeBeanFactoryPostProcessors(AbstractApplicationContext.java:745)
	at org.springframework.context.support.AbstractApplicationContext.refresh(AbstractApplicationContext.java:565)
	at org.springframework.boot.web.servlet.context.ServletWebServerApplicationContext.refresh(ServletWebServerApplicationContext.java:146)
	at org.springframework.boot.SpringApplication.refresh(SpringApplication.java:730)
	at org.springframework.boot.SpringApplication.refreshContext(SpringApplication.java:432)
	at org.springframework.boot.SpringApplication.run(SpringApplication.java:308)
	at org.springframework.boot.SpringApplication.run(SpringApplication.java:1302)
	at org.springframework.boot.SpringApplication.run(SpringApplication.java:1291)
	at com.fertilizer.FertilizerApplication.main(FertilizerApplication.java:29)
Caused by: java.lang.ClassNotFoundException: javax.servlet.http.HttpServletRequest
	at java.base/jdk.internal.loader.BuiltinClassLoader.loadClass(BuiltinClassLoader.java:641)
	at java.base/jdk.internal.loader.ClassLoaders$AppClassLoader.loadClass(ClassLoaders.java:188)
	at java.base/java.lang.ClassLoader.loadClass(ClassLoader.java:525)
	at java.base/java.lang.Class.forName0(Native Method)
	at java.base/java.lang.Class.forName(Class.java:467)
	at java.base/sun.reflect.generics.factory.CoreReflectionFactory.makeNamedType(CoreReflectionFactory.java:114)
	... 32 common frames omitted
