2024-11-19 06:35:10,446 WARN com.zaxxer.hikari.pool.HikariPool$HouseKeeper [HikariPool-1 housekeeper] HikariPool-1 - Thread starvation or clock leap detected (housekeeper delta=13h14m44s145ms940µs600ns).
2024-11-19 06:45:33,601 TRACE org.springframework.web.servlet.handler.AbstractHandlerMapping [http-nio-5000-exec-1] Mapped to public org.springframework.http.ResponseEntity<com.fertilizer.util.Response<com.fertilizer.DTO.UserHierarchyDTO>> com.fertilizer.controller.UserController.getUserHierarchy()
2024-11-19 06:45:33,742 TRACE org.springframework.web.servlet.handler.AbstractHandlerMapping [http-nio-5000-exec-2] Mapped to public org.springframework.http.ResponseEntity<com.fertilizer.util.Response<com.fertilizer.DTO.UserHierarchyDTO>> com.fertilizer.controller.UserController.getUserHierarchy()
2024-11-19 06:45:34,041 ERROR com.fertilizer.config.JwtTokenProvider [http-nio-5000-exec-2] Expired JWT token
2024-11-19 06:45:34,072 TRACE org.springframework.core.log.LogFormatUtils [http-nio-5000-exec-2] GET "/api/getAllUsers", parameters={}, headers={masked} in DispatcherServlet 'dispatcherServlet'
2024-11-19 06:45:34,078 TRACE org.springframework.web.servlet.handler.AbstractHandlerMapping [http-nio-5000-exec-2] Mapped to public org.springframework.http.ResponseEntity<com.fertilizer.util.Response<com.fertilizer.DTO.UserHierarchyDTO>> com.fertilizer.controller.UserController.getUserHierarchy()
2024-11-19 06:45:34,088 TRACE org.springframework.web.cors.DefaultCorsProcessor [http-nio-5000-exec-2] Skip: response already contains "Access-Control-Allow-Origin"
2024-11-19 06:45:34,098 TRACE org.springframework.web.method.support.InvocableHandlerMethod [http-nio-5000-exec-2] Arguments: []
2024-11-19 06:45:34,167 DEBUG com.fertilizer.service.impl.UserServiceImpl [http-nio-5000-exec-2] getSignedInUser method of UserServiceImpl is called.
2024-11-19 06:45:34,607 TRACE org.springframework.web.servlet.FrameworkServlet [http-nio-5000-exec-2] Failed to complete request
java.lang.NullPointerException: null
	at com.fertilizer.service.impl.UserServiceImpl.getSignedInUserDTO(UserServiceImpl.java:337)
	at com.fertilizer.service.impl.UserServiceImpl$$FastClassBySpringCGLIB$$9a56e694.invoke(<generated>)
	at org.springframework.cglib.proxy.MethodProxy.invoke(MethodProxy.java:218)
	at org.springframework.aop.framework.CglibAopProxy$CglibMethodInvocation.invokeJoinpoint(CglibAopProxy.java:746)
	at org.springframework.aop.framework.ReflectiveMethodInvocation.proceed(ReflectiveMethodInvocation.java:163)
	at org.springframework.transaction.interceptor.TransactionAspectSupport.invokeWithinTransaction(TransactionAspectSupport.java:294)
	at org.springframework.transaction.interceptor.TransactionInterceptor.invoke(TransactionInterceptor.java:98)
	at org.springframework.aop.framework.ReflectiveMethodInvocation.proceed(ReflectiveMethodInvocation.java:186)
	at org.springframework.aop.framework.CglibAopProxy$DynamicAdvisedInterceptor.intercept(CglibAopProxy.java:688)
	at com.fertilizer.service.impl.UserServiceImpl$$EnhancerBySpringCGLIB$$ab8664c9.getSignedInUserDTO(<generated>)
	at com.fertilizer.controller.UserController.getUserHierarchy(UserController.java:101)
	at com.fertilizer.controller.UserController$$FastClassBySpringCGLIB$$ee0e739a.invoke(<generated>)
	at org.springframework.cglib.proxy.MethodProxy.invoke(MethodProxy.java:218)
	at org.springframework.aop.framework.CglibAopProxy$DynamicAdvisedInterceptor.intercept(CglibAopProxy.java:684)
	at com.fertilizer.controller.UserController$$EnhancerBySpringCGLIB$$9a0a7432.getUserHierarchy(<generated>)
	at sun.reflect.NativeMethodAccessorImpl.invoke0(Native Method)
	at sun.reflect.NativeMethodAccessorImpl.invoke(Unknown Source)
	at sun.reflect.DelegatingMethodAccessorImpl.invoke(Unknown Source)
	at java.lang.reflect.Method.invoke(Unknown Source)
	at org.springframework.web.method.support.InvocableHandlerMethod.doInvoke(InvocableHandlerMethod.java:215)
	at org.springframework.web.method.support.InvocableHandlerMethod.invokeForRequest(InvocableHandlerMethod.java:142)
	at org.springframework.web.servlet.mvc.method.annotation.ServletInvocableHandlerMethod.invokeAndHandle(ServletInvocableHandlerMethod.java:102)
	at org.springframework.web.servlet.mvc.method.annotation.RequestMappingHandlerAdapter.invokeHandlerMethod(RequestMappingHandlerAdapter.java:895)
	at org.springframework.web.servlet.mvc.method.annotation.RequestMappingHandlerAdapter.handleInternal(RequestMappingHandlerAdapter.java:800)
	at org.springframework.web.servlet.mvc.method.AbstractHandlerMethodAdapter.handle(AbstractHandlerMethodAdapter.java:87)
	at org.springframework.web.servlet.DispatcherServlet.doDispatch(DispatcherServlet.java:1038)
	at org.springframework.web.servlet.DispatcherServlet.doService(DispatcherServlet.java:942)
	at org.springframework.web.servlet.FrameworkServlet.processRequest(FrameworkServlet.java:998)
	at org.springframework.web.servlet.FrameworkServlet.doGet(FrameworkServlet.java:890)
	at javax.servlet.http.HttpServlet.service(HttpServlet.java:634)
	at org.springframework.web.servlet.FrameworkServlet.service(FrameworkServlet.java:875)
	at javax.servlet.http.HttpServlet.service(HttpServlet.java:741)
	at org.apache.catalina.core.ApplicationFilterChain.internalDoFilter(ApplicationFilterChain.java:231)
	at org.apache.catalina.core.ApplicationFilterChain.doFilter(ApplicationFilterChain.java:166)
	at org.apache.tomcat.websocket.server.WsFilter.doFilter(WsFilter.java:53)
	at org.apache.catalina.core.ApplicationFilterChain.internalDoFilter(ApplicationFilterChain.java:193)
	at org.apache.catalina.core.ApplicationFilterChain.doFilter(ApplicationFilterChain.java:166)
	at org.springframework.web.filter.OncePerRequestFilter.doFilter(OncePerRequestFilter.java:101)
	at org.apache.catalina.core.ApplicationFilterChain.internalDoFilter(ApplicationFilterChain.java:193)
	at org.apache.catalina.core.ApplicationFilterChain.doFilter(ApplicationFilterChain.java:166)
	at com.fertilizer.config.RequestResponseLoggingFilter.doFilterInternal(RequestResponseLoggingFilter.java:46)
	at org.springframework.web.filter.OncePerRequestFilter.doFilter(OncePerRequestFilter.java:107)
	at org.apache.catalina.core.ApplicationFilterChain.internalDoFilter(ApplicationFilterChain.java:193)
	at org.apache.catalina.core.ApplicationFilterChain.doFilter(ApplicationFilterChain.java:166)
	at com.fertilizer.config.LoggerFilter.doFilter(LoggerFilter.java:57)
	at org.apache.catalina.core.ApplicationFilterChain.internalDoFilter(ApplicationFilterChain.java:193)
	at org.apache.catalina.core.ApplicationFilterChain.doFilter(ApplicationFilterChain.java:166)
	at org.springframework.security.web.FilterChainProxy$VirtualFilterChain.doFilter(FilterChainProxy.java:320)
	at org.springframework.security.web.access.intercept.FilterSecurityInterceptor.invoke(FilterSecurityInterceptor.java:127)
	at org.springframework.security.web.access.intercept.FilterSecurityInterceptor.doFilter(FilterSecurityInterceptor.java:91)
	at org.springframework.security.web.FilterChainProxy$VirtualFilterChain.doFilter(FilterChainProxy.java:334)
	at org.springframework.security.web.access.ExceptionTranslationFilter.doFilter(ExceptionTranslationFilter.java:119)
	at org.springframework.security.web.FilterChainProxy$VirtualFilterChain.doFilter(FilterChainProxy.java:334)
	at org.springframework.security.web.session.SessionManagementFilter.doFilter(SessionManagementFilter.java:137)
	at org.springframework.security.web.FilterChainProxy$VirtualFilterChain.doFilter(FilterChainProxy.java:334)
	at com.fertilizer.util.CorsFilter.doFilter(CorsFilter.java:34)
	at org.springframework.security.web.FilterChainProxy$VirtualFilterChain.doFilter(FilterChainProxy.java:334)
	at org.springframework.security.web.authentication.AnonymousAuthenticationFilter.doFilter(AnonymousAuthenticationFilter.java:111)
	at org.springframework.security.web.FilterChainProxy$VirtualFilterChain.doFilter(FilterChainProxy.java:334)
	at org.springframework.security.web.servletapi.SecurityContextHolderAwareRequestFilter.doFilter(SecurityContextHolderAwareRequestFilter.java:170)
	at org.springframework.security.web.FilterChainProxy$VirtualFilterChain.doFilter(FilterChainProxy.java:334)
	at org.springframework.security.web.savedrequest.RequestCacheAwareFilter.doFilter(RequestCacheAwareFilter.java:63)
	at org.springframework.security.web.FilterChainProxy$VirtualFilterChain.doFilter(FilterChainProxy.java:334)
	at com.fertilizer.config.JwtAuthenticationFilter.doFilterInternal(JwtAuthenticationFilter.java:85)
	at org.springframework.web.filter.OncePerRequestFilter.doFilter(OncePerRequestFilter.java:107)
	at org.springframework.security.web.FilterChainProxy$VirtualFilterChain.doFilter(FilterChainProxy.java:334)
	at org.springframework.security.web.authentication.logout.LogoutFilter.doFilter(LogoutFilter.java:116)
	at org.springframework.security.web.FilterChainProxy$VirtualFilterChain.doFilter(FilterChainProxy.java:334)
	at org.springframework.web.filter.CorsFilter.doFilterInternal(CorsFilter.java:96)
	at org.springframework.web.filter.OncePerRequestFilter.doFilter(OncePerRequestFilter.java:107)
	at org.springframework.security.web.FilterChainProxy$VirtualFilterChain.doFilter(FilterChainProxy.java:334)
	at org.springframework.security.web.header.HeaderWriterFilter.doFilterInternal(HeaderWriterFilter.java:66)
	at org.springframework.web.filter.OncePerRequestFilter.doFilter(OncePerRequestFilter.java:107)
	at org.springframework.security.web.FilterChainProxy$VirtualFilterChain.doFilter(FilterChainProxy.java:334)
	at org.springframework.security.web.context.SecurityContextPersistenceFilter.doFilter(SecurityContextPersistenceFilter.java:105)
	at org.springframework.security.web.FilterChainProxy$VirtualFilterChain.doFilter(FilterChainProxy.java:334)
	at org.springframework.security.web.context.request.async.WebAsyncManagerIntegrationFilter.doFilterInternal(WebAsyncManagerIntegrationFilter.java:56)
	at org.springframework.web.filter.OncePerRequestFilter.doFilter(OncePerRequestFilter.java:107)
	at org.springframework.security.web.FilterChainProxy$VirtualFilterChain.doFilter(FilterChainProxy.java:334)
	at org.springframework.security.web.FilterChainProxy.doFilterInternal(FilterChainProxy.java:215)
	at org.springframework.security.web.FilterChainProxy.doFilter(FilterChainProxy.java:178)
	at org.springframework.web.filter.DelegatingFilterProxy.invokeDelegate(DelegatingFilterProxy.java:357)
	at org.springframework.web.filter.DelegatingFilterProxy.doFilter(DelegatingFilterProxy.java:270)
	at org.apache.catalina.core.ApplicationFilterChain.internalDoFilter(ApplicationFilterChain.java:193)
	at org.apache.catalina.core.ApplicationFilterChain.doFilter(ApplicationFilterChain.java:166)
	at org.springframework.web.filter.CharacterEncodingFilter.doFilterInternal(CharacterEncodingFilter.java:200)
	at org.springframework.web.filter.OncePerRequestFilter.doFilter(OncePerRequestFilter.java:107)
	at org.apache.catalina.core.ApplicationFilterChain.internalDoFilter(ApplicationFilterChain.java:193)
	at org.apache.catalina.core.ApplicationFilterChain.doFilter(ApplicationFilterChain.java:166)
	at org.apache.catalina.core.StandardWrapperValve.invoke(StandardWrapperValve.java:199)
	at org.apache.catalina.core.StandardContextValve.invoke(StandardContextValve.java:96)
	at org.apache.catalina.authenticator.AuthenticatorBase.invoke(AuthenticatorBase.java:490)
	at org.apache.catalina.core.StandardHostValve.invoke(StandardHostValve.java:139)
	at org.apache.catalina.valves.ErrorReportValve.invoke(ErrorReportValve.java:92)
	at org.apache.catalina.core.StandardEngineValve.invoke(StandardEngineValve.java:74)
	at org.apache.catalina.connector.CoyoteAdapter.service(CoyoteAdapter.java:343)
	at org.apache.coyote.http11.Http11Processor.service(Http11Processor.java:408)
	at org.apache.coyote.AbstractProcessorLight.process(AbstractProcessorLight.java:66)
	at org.apache.coyote.AbstractProtocol$ConnectionHandler.process(AbstractProtocol.java:770)
	at org.apache.tomcat.util.net.NioEndpoint$SocketProcessor.doRun(NioEndpoint.java:1415)
	at org.apache.tomcat.util.net.SocketProcessorBase.run(SocketProcessorBase.java:49)
	at java.util.concurrent.ThreadPoolExecutor.runWorker(Unknown Source)
	at java.util.concurrent.ThreadPoolExecutor$Worker.run(Unknown Source)
	at org.apache.tomcat.util.threads.TaskThread$WrappingRunnable.run(TaskThread.java:61)
	at java.lang.Thread.run(Unknown Source)
2024-11-19 06:45:34,812 DEBUG org.hibernate.engine.jdbc.spi.SqlStatementLogger [http-nio-5000-exec-2] insert into application_logs (created_at, created_by, updated_at, updated_by, status, application_error, class_name, client_ip, line_no, method_name, remarks, request_date, request_method, request_payload, request_uri, response, response_status, server_ip, user_id) values (?, ?, ?, ?, ?, ?, ?, ?, ?, ?, ?, ?, ?, ?, ?, ?, ?, ?, ?)
2024-11-19 06:45:34,922 TRACE org.springframework.core.log.LogFormatUtils [http-nio-5000-exec-2] "ERROR" dispatch for GET "/api/error", parameters={}, headers={masked} in DispatcherServlet 'dispatcherServlet'
2024-11-19 06:45:34,938 TRACE org.springframework.web.servlet.handler.AbstractHandlerMethodMapping [http-nio-5000-exec-2] 2 matching mappings: [{[/error]}, {[/error],produces=[text/html]}]
2024-11-19 06:45:34,938 TRACE org.springframework.web.servlet.handler.AbstractHandlerMapping [http-nio-5000-exec-2] Mapped to public org.springframework.http.ResponseEntity<java.util.Map<java.lang.String, java.lang.Object>> org.springframework.boot.autoconfigure.web.servlet.error.BasicErrorController.error(javax.servlet.http.HttpServletRequest)
2024-11-19 06:45:34,938 TRACE org.springframework.web.cors.DefaultCorsProcessor [http-nio-5000-exec-2] Skip: response already contains "Access-Control-Allow-Origin"
2024-11-19 06:45:34,938 TRACE org.springframework.web.method.support.InvocableHandlerMethod [http-nio-5000-exec-2] Arguments: [SecurityContextHolderAwareRequestWrapper[ FirewalledRequest[ org.apache.catalina.core.ApplicationHttpRequest@406da04]]]
2024-11-19 06:45:34,969 DEBUG org.springframework.web.servlet.mvc.method.annotation.AbstractMessageConverterMethodProcessor [http-nio-5000-exec-2] Using 'application/json', given [application/json, text/plain, */*] and supported [application/json, application/*+json, application/cbor]
2024-11-19 06:45:34,983 TRACE org.springframework.core.log.LogFormatUtils [http-nio-5000-exec-2] Writing [{timestamp=Tue Nov 19 01:15:34 UTC 2024, status=401, error=Unauthorized, message=you don't have perm (truncated)...]
2024-11-19 06:45:34,997 TRACE org.springframework.web.servlet.DispatcherServlet [http-nio-5000-exec-2] No view rendering, null ModelAndView returned.
2024-11-19 06:45:34,997 DEBUG org.springframework.web.servlet.FrameworkServlet [http-nio-5000-exec-2] Exiting from "ERROR" dispatch, status 401, headers={masked}
2024-11-19 06:45:44,326 WARN com.zaxxer.hikari.pool.HikariPool$HouseKeeper [HikariPool-1 housekeeper] HikariPool-1 - Thread starvation or clock leap detected (housekeeper delta=10m33s870ms485µs300ns).
2024-11-19 10:14:44,327 WARN com.zaxxer.hikari.pool.HikariPool$HouseKeeper [HikariPool-1 housekeeper] HikariPool-1 - Thread starvation or clock leap detected (housekeeper delta=3h28m29s934ms868µs200ns).
