2024-11-26 00:44:33,795 WARN com.zaxxer.hikari.pool.HikariPool$HouseKeeper [HikariPool-1 housekeeper] HikariPool-1 - Thread starvation or clock leap detected (housekeeper delta=4h30m17s976ms481µs700ns).
2024-11-26 07:59:26,703 WARN com.zaxxer.hikari.pool.HikariPool$HouseKeeper [HikariPool-1 housekeeper] HikariPool-1 - Thread starvation or clock leap detected (housekeeper delta=7h4m52s276ms859µs).
2024-11-26 10:00:59,511 WARN com.zaxxer.hikari.pool.HikariPool$HouseKeeper [HikariPool-1 housekeeper] HikariPool-1 - Thread starvation or clock leap detected (housekeeper delta=2h1m35s453ms13µs300ns).
2024-11-26 10:20:18,808 WARN com.zaxxer.hikari.pool.HikariPool$HouseKeeper [HikariPool-1 housekeeper] HikariPool-1 - Thread starvation or clock leap detected (housekeeper delta=9m18s537ms930µs).
2024-11-26 10:44:48,594 WARN com.zaxxer.hikari.pool.HikariPool$HouseKeeper [HikariPool-1 housekeeper] HikariPool-1 - Thread starvation or clock leap detected (housekeeper delta=24m30s303ms739µs800ns).
2024-11-26 11:46:54,677 WARN com.zaxxer.hikari.pool.HikariPool$HouseKeeper [HikariPool-1 housekeeper] HikariPool-1 - Thread starvation or clock leap detected (housekeeper delta=1h2m6s87ms44µs500ns).
2024-11-26 12:28:25,923 WARN com.zaxxer.hikari.pool.HikariPool$HouseKeeper [HikariPool-1 housekeeper] HikariPool-1 - Thread starvation or clock leap detected (housekeeper delta=41m31s245ms250µs900ns).
2024-11-26 12:44:25,399 WARN com.zaxxer.hikari.pool.HikariPool$HouseKeeper [HikariPool-1 housekeeper] HikariPool-1 - Thread starvation or clock leap detected (housekeeper delta=15m59s476ms113µs300ns).
2024-11-26 13:02:46,741 WARN com.zaxxer.hikari.pool.HikariPool$HouseKeeper [HikariPool-1 housekeeper] HikariPool-1 - Thread starvation or clock leap detected (housekeeper delta=17m51s337ms955µs).
2024-11-26 17:59:14,902 WARN com.zaxxer.hikari.pool.HikariPool$HouseKeeper [HikariPool-1 housekeeper] HikariPool-1 - Thread starvation or clock leap detected (housekeeper delta=1h42m54s737ms589µs800ns).
2024-11-26 20:02:02,227 WARN com.zaxxer.hikari.pool.HikariPool$HouseKeeper [HikariPool-1 housekeeper] HikariPool-1 - Thread starvation or clock leap detected (housekeeper delta=2h2m47s553ms666µs700ns).
2024-11-26 20:21:01,632 TRACE org.springframework.web.servlet.handler.AbstractHandlerMapping [http-nio-5000-exec-4] Mapped to public java.util.List<com.fertilizer.model.Product> com.fertilizer.controller.ProductController.getAllProducts(int,java.lang.String)
2024-11-26 20:21:01,793 TRACE org.springframework.core.log.LogFormatUtils [http-nio-5000-exec-4] GET "/api/getAllProducts?pageNumber=0&searchKey=", parameters={masked}, headers={masked} in DispatcherServlet 'dispatcherServlet'
2024-11-26 20:21:01,807 TRACE org.springframework.web.servlet.handler.AbstractHandlerMapping [http-nio-5000-exec-4] Mapped to public java.util.List<com.fertilizer.model.Product> com.fertilizer.controller.ProductController.getAllProducts(int,java.lang.String)
2024-11-26 20:21:01,951 TRACE org.springframework.web.method.support.InvocableHandlerMethod [http-nio-5000-exec-4] Arguments: [0, ]
2024-11-26 20:21:02,356 DEBUG org.hibernate.engine.jdbc.spi.SqlStatementLogger [http-nio-5000-exec-4] select product0_.product_id as product_1_14_, product0_.product_actual_price as product_2_14_, product0_.product_description as product_3_14_, product0_.product_discounted_price as product_4_14_, product0_.product_name as product_5_14_ from product product0_
2024-11-26 20:21:02,500 DEBUG org.hibernate.engine.jdbc.spi.SqlStatementLogger [http-nio-5000-exec-4] select productima0_.product_id as product_1_15_0_, productima0_.image_id as image_id2_15_0_, imagemodel1_.id as id1_6_1_, imagemodel1_.name as name2_6_1_, imagemodel1_.pic_byte as pic_byte3_6_1_, imagemodel1_.type as type4_6_1_ from product_images productima0_ inner join image_model imagemodel1_ on productima0_.image_id=imagemodel1_.id where productima0_.product_id=?
2024-11-26 20:21:02,554 DEBUG org.hibernate.engine.jdbc.spi.SqlStatementLogger [http-nio-5000-exec-4] select productima0_.product_id as product_1_15_0_, productima0_.image_id as image_id2_15_0_, imagemodel1_.id as id1_6_1_, imagemodel1_.name as name2_6_1_, imagemodel1_.pic_byte as pic_byte3_6_1_, imagemodel1_.type as type4_6_1_ from product_images productima0_ inner join image_model imagemodel1_ on productima0_.image_id=imagemodel1_.id where productima0_.product_id=?
2024-11-26 20:21:02,562 DEBUG org.hibernate.engine.jdbc.spi.SqlStatementLogger [http-nio-5000-exec-4] select productima0_.product_id as product_1_15_0_, productima0_.image_id as image_id2_15_0_, imagemodel1_.id as id1_6_1_, imagemodel1_.name as name2_6_1_, imagemodel1_.pic_byte as pic_byte3_6_1_, imagemodel1_.type as type4_6_1_ from product_images productima0_ inner join image_model imagemodel1_ on productima0_.image_id=imagemodel1_.id where productima0_.product_id=?
2024-11-26 20:21:02,566 DEBUG org.hibernate.engine.jdbc.spi.SqlStatementLogger [http-nio-5000-exec-4] select productima0_.product_id as product_1_15_0_, productima0_.image_id as image_id2_15_0_, imagemodel1_.id as id1_6_1_, imagemodel1_.name as name2_6_1_, imagemodel1_.pic_byte as pic_byte3_6_1_, imagemodel1_.type as type4_6_1_ from product_images productima0_ inner join image_model imagemodel1_ on productima0_.image_id=imagemodel1_.id where productima0_.product_id=?
2024-11-26 20:21:02,571 DEBUG org.hibernate.engine.jdbc.spi.SqlStatementLogger [http-nio-5000-exec-4] select productima0_.product_id as product_1_15_0_, productima0_.image_id as image_id2_15_0_, imagemodel1_.id as id1_6_1_, imagemodel1_.name as name2_6_1_, imagemodel1_.pic_byte as pic_byte3_6_1_, imagemodel1_.type as type4_6_1_ from product_images productima0_ inner join image_model imagemodel1_ on productima0_.image_id=imagemodel1_.id where productima0_.product_id=?
2024-11-26 20:21:02,573 DEBUG org.hibernate.engine.jdbc.spi.SqlStatementLogger [http-nio-5000-exec-4] select productima0_.product_id as product_1_15_0_, productima0_.image_id as image_id2_15_0_, imagemodel1_.id as id1_6_1_, imagemodel1_.name as name2_6_1_, imagemodel1_.pic_byte as pic_byte3_6_1_, imagemodel1_.type as type4_6_1_ from product_images productima0_ inner join image_model imagemodel1_ on productima0_.image_id=imagemodel1_.id where productima0_.product_id=?
2024-11-26 20:21:02,576 DEBUG org.hibernate.engine.jdbc.spi.SqlStatementLogger [http-nio-5000-exec-4] select productima0_.product_id as product_1_15_0_, productima0_.image_id as image_id2_15_0_, imagemodel1_.id as id1_6_1_, imagemodel1_.name as name2_6_1_, imagemodel1_.pic_byte as pic_byte3_6_1_, imagemodel1_.type as type4_6_1_ from product_images productima0_ inner join image_model imagemodel1_ on productima0_.image_id=imagemodel1_.id where productima0_.product_id=?
2024-11-26 20:21:02,584 DEBUG org.hibernate.engine.jdbc.spi.SqlStatementLogger [http-nio-5000-exec-4] select productima0_.product_id as product_1_15_0_, productima0_.image_id as image_id2_15_0_, imagemodel1_.id as id1_6_1_, imagemodel1_.name as name2_6_1_, imagemodel1_.pic_byte as pic_byte3_6_1_, imagemodel1_.type as type4_6_1_ from product_images productima0_ inner join image_model imagemodel1_ on productima0_.image_id=imagemodel1_.id where productima0_.product_id=?
2024-11-26 20:21:02,587 DEBUG org.hibernate.engine.jdbc.spi.SqlStatementLogger [http-nio-5000-exec-4] select productima0_.product_id as product_1_15_0_, productima0_.image_id as image_id2_15_0_, imagemodel1_.id as id1_6_1_, imagemodel1_.name as name2_6_1_, imagemodel1_.pic_byte as pic_byte3_6_1_, imagemodel1_.type as type4_6_1_ from product_images productima0_ inner join image_model imagemodel1_ on productima0_.image_id=imagemodel1_.id where productima0_.product_id=?
2024-11-26 20:21:02,590 DEBUG org.hibernate.engine.jdbc.spi.SqlStatementLogger [http-nio-5000-exec-4] select productima0_.product_id as product_1_15_0_, productima0_.image_id as image_id2_15_0_, imagemodel1_.id as id1_6_1_, imagemodel1_.name as name2_6_1_, imagemodel1_.pic_byte as pic_byte3_6_1_, imagemodel1_.type as type4_6_1_ from product_images productima0_ inner join image_model imagemodel1_ on productima0_.image_id=imagemodel1_.id where productima0_.product_id=?
2024-11-26 20:21:02,594 DEBUG org.hibernate.engine.jdbc.spi.SqlStatementLogger [http-nio-5000-exec-4] select productima0_.product_id as product_1_15_0_, productima0_.image_id as image_id2_15_0_, imagemodel1_.id as id1_6_1_, imagemodel1_.name as name2_6_1_, imagemodel1_.pic_byte as pic_byte3_6_1_, imagemodel1_.type as type4_6_1_ from product_images productima0_ inner join image_model imagemodel1_ on productima0_.image_id=imagemodel1_.id where productima0_.product_id=?
2024-11-26 20:21:02,597 DEBUG org.hibernate.engine.jdbc.spi.SqlStatementLogger [http-nio-5000-exec-4] select productima0_.product_id as product_1_15_0_, productima0_.image_id as image_id2_15_0_, imagemodel1_.id as id1_6_1_, imagemodel1_.name as name2_6_1_, imagemodel1_.pic_byte as pic_byte3_6_1_, imagemodel1_.type as type4_6_1_ from product_images productima0_ inner join image_model imagemodel1_ on productima0_.image_id=imagemodel1_.id where productima0_.product_id=?
2024-11-26 20:21:02,599 DEBUG org.hibernate.engine.jdbc.spi.SqlStatementLogger [http-nio-5000-exec-4] select productima0_.product_id as product_1_15_0_, productima0_.image_id as image_id2_15_0_, imagemodel1_.id as id1_6_1_, imagemodel1_.name as name2_6_1_, imagemodel1_.pic_byte as pic_byte3_6_1_, imagemodel1_.type as type4_6_1_ from product_images productima0_ inner join image_model imagemodel1_ on productima0_.image_id=imagemodel1_.id where productima0_.product_id=?
2024-11-26 20:21:02,730 DEBUG org.springframework.web.servlet.mvc.method.annotation.AbstractMessageConverterMethodProcessor [http-nio-5000-exec-4] Using 'application/json', given [application/json, text/plain, */*] and supported [application/json, application/*+json, application/cbor]
2024-11-26 20:21:02,733 TRACE org.springframework.core.log.LogFormatUtils [http-nio-5000-exec-4] Writing [[com.fertilizer.model.Product@5840ee22, com.fertilizer.model.Product@675c0cfb, com.fertilizer.model. (truncated)...]
2024-11-26 20:21:02,794 TRACE org.springframework.web.servlet.DispatcherServlet [http-nio-5000-exec-4] No view rendering, null ModelAndView returned.
2024-11-26 20:21:02,795 DEBUG org.springframework.web.servlet.FrameworkServlet [http-nio-5000-exec-4] Completed 401 UNAUTHORIZED, headers={masked}
2024-11-26 20:21:02,962 DEBUG org.hibernate.engine.jdbc.spi.SqlStatementLogger [http-nio-5000-exec-4] insert into application_logs (created_at, created_by, updated_at, updated_by, status, application_error, class_name, client_ip, line_no, method_name, remarks, request_date, request_method, request_payload, request_uri, response, response_status, server_ip, user_id) values (?, ?, ?, ?, ?, ?, ?, ?, ?, ?, ?, ?, ?, ?, ?, ?, ?, ?, ?)
2024-11-26 20:21:03,092 TRACE org.springframework.core.log.LogFormatUtils [http-nio-5000-exec-4] "ERROR" dispatch for GET "/api/error?pageNumber=0&searchKey=", parameters={masked}, headers={masked} in DispatcherServlet 'dispatcherServlet'
2024-11-26 20:21:03,175 TRACE org.springframework.web.servlet.handler.AbstractHandlerMethodMapping [http-nio-5000-exec-4] 2 matching mappings: [{[/error]}, {[/error],produces=[text/html]}]
2024-11-26 20:21:03,179 TRACE org.springframework.web.servlet.handler.AbstractHandlerMapping [http-nio-5000-exec-4] Mapped to public org.springframework.http.ResponseEntity<java.util.Map<java.lang.String, java.lang.Object>> org.springframework.boot.autoconfigure.web.servlet.error.BasicErrorController.error(javax.servlet.http.HttpServletRequest)
2024-11-26 20:21:03,180 TRACE org.springframework.web.cors.DefaultCorsProcessor [http-nio-5000-exec-4] Skip: response already contains "Access-Control-Allow-Origin"
2024-11-26 20:21:03,192 TRACE org.springframework.web.method.support.InvocableHandlerMethod [http-nio-5000-exec-4] Arguments: [SecurityContextHolderAwareRequestWrapper[ FirewalledRequest[ org.apache.catalina.core.ApplicationHttpRequest@7127a857]]]
2024-11-26 20:21:03,216 DEBUG org.springframework.web.servlet.mvc.method.annotation.AbstractMessageConverterMethodProcessor [http-nio-5000-exec-4] Using 'application/json', given [application/json, text/plain, */*] and supported [application/json, application/*+json, application/cbor]
2024-11-26 20:21:03,227 TRACE org.springframework.core.log.LogFormatUtils [http-nio-5000-exec-4] Writing [{timestamp=Tue Nov 26 14:51:03 UTC 2024, status=401, error=Unauthorized, message=you don't have perm (truncated)...]
2024-11-26 20:21:03,252 TRACE org.springframework.web.servlet.DispatcherServlet [http-nio-5000-exec-4] No view rendering, null ModelAndView returned.
2024-11-26 20:21:03,253 DEBUG org.springframework.web.servlet.FrameworkServlet [http-nio-5000-exec-4] Exiting from "ERROR" dispatch, status 401, headers={masked}
2024-11-26 20:21:11,100 TRACE org.springframework.web.servlet.handler.AbstractHandlerMapping [http-nio-5000-exec-6] Mapped to public org.springframework.http.ResponseEntity<com.fertilizer.util.Response<java.util.List<com.fertilizer.model.Country>>> com.fertilizer.controller.CityController.getAllCountry(com.fertilizer.request.CountryListRequestDTO)
2024-11-26 20:21:11,113 TRACE org.springframework.core.log.LogFormatUtils [http-nio-5000-exec-6] GET "/api/country", parameters={}, headers={masked} in DispatcherServlet 'dispatcherServlet'
2024-11-26 20:21:11,115 TRACE org.springframework.web.servlet.handler.AbstractHandlerMapping [http-nio-5000-exec-6] Mapped to public org.springframework.http.ResponseEntity<com.fertilizer.util.Response<java.util.List<com.fertilizer.model.Country>>> com.fertilizer.controller.CityController.getAllCountry(com.fertilizer.request.CountryListRequestDTO)
2024-11-26 20:21:11,116 TRACE org.springframework.web.cors.DefaultCorsProcessor [http-nio-5000-exec-6] Skip: response already contains "Access-Control-Allow-Origin"
2024-11-26 20:21:11,228 TRACE org.springframework.web.method.support.InvocableHandlerMethod [http-nio-5000-exec-6] Arguments: [com.fertilizer.request.CountryListRequestDTO@2cf60c60]
2024-11-26 20:21:11,230 DEBUG com.fertilizer.controller.CityController [http-nio-5000-exec-6] Country Controller method Called
2024-11-26 20:21:11,268 DEBUG org.hibernate.engine.jdbc.spi.SqlStatementLogger [http-nio-5000-exec-6] select country0_.id as id1_4_, country0_.created_at as created_2_4_, country0_.created_by as created_3_4_, country0_.updated_at as updated_4_4_, country0_.updated_by as updated_5_4_, country0_.status as status6_4_, country0_.country_code_long as country_7_4_, country0_.country_code_short as country_8_4_, country0_.country_name as country_9_4_, country0_.country_numeric_code as country10_4_, country0_.country_std_code as country11_4_, country0_.region as region12_4_, country0_.sub_region as sub_reg13_4_ from countries country0_
2024-11-26 20:21:11,362 DEBUG org.springframework.web.servlet.mvc.method.annotation.AbstractMessageConverterMethodProcessor [http-nio-5000-exec-6] Using 'application/json', given [application/json, text/plain, */*] and supported [application/json, application/*+json, application/cbor]
2024-11-26 20:21:11,364 TRACE org.springframework.core.log.LogFormatUtils [http-nio-5000-exec-6] Writing [Response [data=[com.fertilizer.model.Country@699a780b, com.fertilizer.model.Country@45264161, com.fe (truncated)...]
2024-11-26 20:21:11,417 TRACE org.springframework.web.servlet.DispatcherServlet [http-nio-5000-exec-6] No view rendering, null ModelAndView returned.
2024-11-26 20:21:11,418 DEBUG org.springframework.web.servlet.FrameworkServlet [http-nio-5000-exec-6] Completed 200 OK, headers={masked}
2024-11-26 20:21:11,426 DEBUG org.hibernate.engine.jdbc.spi.SqlStatementLogger [http-nio-5000-exec-6] insert into application_logs (created_at, created_by, updated_at, updated_by, status, application_error, class_name, client_ip, line_no, method_name, remarks, request_date, request_method, request_payload, request_uri, response, response_status, server_ip, user_id) values (?, ?, ?, ?, ?, ?, ?, ?, ?, ?, ?, ?, ?, ?, ?, ?, ?, ?, ?)
2024-11-26 20:21:25,971 TRACE org.springframework.web.servlet.handler.AbstractHandlerMapping [http-nio-5000-exec-8] Mapped to public org.springframework.http.ResponseEntity<com.fertilizer.util.Response<java.util.List<com.fertilizer.model.Country>>> com.fertilizer.controller.CityController.getAllCountry(com.fertilizer.request.CountryListRequestDTO)
2024-11-26 20:21:25,975 TRACE org.springframework.core.log.LogFormatUtils [http-nio-5000-exec-8] GET "/api/country", parameters={}, headers={masked} in DispatcherServlet 'dispatcherServlet'
2024-11-26 20:21:25,977 TRACE org.springframework.web.servlet.handler.AbstractHandlerMapping [http-nio-5000-exec-8] Mapped to public org.springframework.http.ResponseEntity<com.fertilizer.util.Response<java.util.List<com.fertilizer.model.Country>>> com.fertilizer.controller.CityController.getAllCountry(com.fertilizer.request.CountryListRequestDTO)
2024-11-26 20:21:25,979 TRACE org.springframework.web.cors.DefaultCorsProcessor [http-nio-5000-exec-8] Skip: response already contains "Access-Control-Allow-Origin"
2024-11-26 20:21:25,986 TRACE org.springframework.web.method.support.InvocableHandlerMethod [http-nio-5000-exec-8] Arguments: [com.fertilizer.request.CountryListRequestDTO@7bf701ef]
2024-11-26 20:21:25,987 DEBUG com.fertilizer.controller.CityController [http-nio-5000-exec-8] Country Controller method Called
2024-11-26 20:21:25,990 DEBUG org.hibernate.engine.jdbc.spi.SqlStatementLogger [http-nio-5000-exec-8] select country0_.id as id1_4_, country0_.created_at as created_2_4_, country0_.created_by as created_3_4_, country0_.updated_at as updated_4_4_, country0_.updated_by as updated_5_4_, country0_.status as status6_4_, country0_.country_code_long as country_7_4_, country0_.country_code_short as country_8_4_, country0_.country_name as country_9_4_, country0_.country_numeric_code as country10_4_, country0_.country_std_code as country11_4_, country0_.region as region12_4_, country0_.sub_region as sub_reg13_4_ from countries country0_
2024-11-26 20:21:26,029 DEBUG org.springframework.web.servlet.mvc.method.annotation.AbstractMessageConverterMethodProcessor [http-nio-5000-exec-8] Using 'application/json', given [application/json, text/plain, */*] and supported [application/json, application/*+json, application/cbor]
2024-11-26 20:21:26,031 TRACE org.springframework.core.log.LogFormatUtils [http-nio-5000-exec-8] Writing [Response [data=[com.fertilizer.model.Country@4cba2ce0, com.fertilizer.model.Country@5eda6fba, com.fe (truncated)...]
2024-11-26 20:21:26,038 TRACE org.springframework.web.servlet.DispatcherServlet [http-nio-5000-exec-8] No view rendering, null ModelAndView returned.
2024-11-26 20:21:26,039 DEBUG org.springframework.web.servlet.FrameworkServlet [http-nio-5000-exec-8] Completed 200 OK, headers={masked}
2024-11-26 20:21:26,047 DEBUG org.hibernate.engine.jdbc.spi.SqlStatementLogger [http-nio-5000-exec-8] insert into application_logs (created_at, created_by, updated_at, updated_by, status, application_error, class_name, client_ip, line_no, method_name, remarks, request_date, request_method, request_payload, request_uri, response, response_status, server_ip, user_id) values (?, ?, ?, ?, ?, ?, ?, ?, ?, ?, ?, ?, ?, ?, ?, ?, ?, ?, ?)
2024-11-26 20:21:49,401 INFO org.springframework.boot.admin.SpringApplicationAdminMXBeanRegistrar$SpringApplicationAdmin [RMI TCP Connection(308)-127.0.0.1] Application shutdown requested.
2024-11-26 20:21:49,592 INFO org.springframework.scheduling.concurrent.ExecutorConfigurationSupport [RMI TCP Connection(308)-127.0.0.1] Shutting down ExecutorService 'asyncExecutor'
2024-11-26 20:21:49,621 INFO org.springframework.orm.jpa.AbstractEntityManagerFactoryBean [RMI TCP Connection(308)-127.0.0.1] Closing JPA EntityManagerFactory for persistence unit 'default'
2024-11-26 20:21:49,673 INFO com.zaxxer.hikari.HikariDataSource [RMI TCP Connection(308)-127.0.0.1] HikariPool-1 - Shutdown initiated...
2024-11-26 20:21:49,702 INFO com.zaxxer.hikari.HikariDataSource [RMI TCP Connection(308)-127.0.0.1] HikariPool-1 - Shutdown completed.
2024-11-26 20:22:09,147 INFO org.springframework.boot.StartupInfoLogger [restartedMain] Starting FertilizerApplication on DESKTOP-1AL8LP1 with PID 30072 (D:\Project_Fert\adworks-user\target\classes started by 30514 in D:\Project_Fert\adworks-user)
2024-11-26 20:22:09,157 DEBUG org.springframework.boot.StartupInfoLogger [restartedMain] Running with Spring Boot v2.1.0.RELEASE, Spring v5.1.2.RELEASE
2024-11-26 20:22:09,160 INFO org.springframework.boot.SpringApplication [restartedMain] The following profiles are active: qa
2024-11-26 20:22:09,279 INFO org.springframework.boot.logging.DeferredLog [restartedMain] Devtools property defaults active! Set 'spring.devtools.add-properties' to 'false' to disable
2024-11-26 20:22:13,093 INFO org.springframework.data.repository.config.RepositoryConfigurationDelegate [restartedMain] Bootstrapping Spring Data repositories in DEFAULT mode.
2024-11-26 20:22:13,521 INFO org.springframework.data.repository.config.RepositoryConfigurationDelegate [restartedMain] Finished Spring Data repository scanning in 402ms. Found 23 repository interfaces.
2024-11-26 20:22:14,451 INFO com.ulisesbocchio.jasyptspringboot.configuration.EnableEncryptablePropertiesBeanFactoryPostProcessor [restartedMain] Post-processing PropertySource instances
2024-11-26 20:22:14,452 INFO com.ulisesbocchio.jasyptspringboot.EncryptablePropertySourceConverter [restartedMain] Skipping PropertySource configurationProperties [class org.springframework.boot.context.properties.source.ConfigurationPropertySourcesPropertySource
2024-11-26 20:22:14,455 INFO com.ulisesbocchio.jasyptspringboot.EncryptablePropertySourceConverter [restartedMain] Converting PropertySource commandLineArgs [org.springframework.core.env.SimpleCommandLinePropertySource] to EncryptableEnumerablePropertySourceWrapper
2024-11-26 20:22:14,456 INFO com.ulisesbocchio.jasyptspringboot.EncryptablePropertySourceConverter [restartedMain] Skipping PropertySource servletConfigInitParams [class org.springframework.core.env.PropertySource$StubPropertySource
2024-11-26 20:22:14,456 INFO com.ulisesbocchio.jasyptspringboot.EncryptablePropertySourceConverter [restartedMain] Skipping PropertySource servletContextInitParams [class org.springframework.core.env.PropertySource$StubPropertySource
2024-11-26 20:22:14,459 INFO com.ulisesbocchio.jasyptspringboot.EncryptablePropertySourceConverter [restartedMain] Converting PropertySource systemProperties [org.springframework.core.env.MapPropertySource] to EncryptableMapPropertySourceWrapper
2024-11-26 20:22:14,460 INFO com.ulisesbocchio.jasyptspringboot.EncryptablePropertySourceConverter [restartedMain] Converting PropertySource systemEnvironment [org.springframework.boot.env.SystemEnvironmentPropertySourceEnvironmentPostProcessor$OriginAwareSystemEnvironmentPropertySource] to EncryptableSystemEnvironmentPropertySourceWrapper
2024-11-26 20:22:14,462 INFO com.ulisesbocchio.jasyptspringboot.EncryptablePropertySourceConverter [restartedMain] Converting PropertySource random [org.springframework.boot.env.RandomValuePropertySource] to EncryptablePropertySourceWrapper
2024-11-26 20:22:14,463 INFO com.ulisesbocchio.jasyptspringboot.EncryptablePropertySourceConverter [restartedMain] Converting PropertySource applicationConfig: [classpath:/application-qa.properties] [org.springframework.boot.env.OriginTrackedMapPropertySource] to EncryptableMapPropertySourceWrapper
2024-11-26 20:22:14,463 INFO com.ulisesbocchio.jasyptspringboot.EncryptablePropertySourceConverter [restartedMain] Converting PropertySource devtools [org.springframework.core.env.MapPropertySource] to EncryptableMapPropertySourceWrapper
2024-11-26 20:22:14,776 INFO org.springframework.context.support.PostProcessorRegistrationDelegate$BeanPostProcessorChecker [restartedMain] Bean 'org.springframework.transaction.annotation.ProxyTransactionManagementConfiguration' of type [org.springframework.transaction.annotation.ProxyTransactionManagementConfiguration$$EnhancerBySpringCGLIB$$57277b99] is not eligible for getting processed by all BeanPostProcessors (for example: not eligible for auto-proxying)
2024-11-26 20:22:14,900 INFO org.springframework.context.support.PostProcessorRegistrationDelegate$BeanPostProcessorChecker [restartedMain] Bean 'org.springframework.security.config.annotation.configuration.ObjectPostProcessorConfiguration' of type [org.springframework.security.config.annotation.configuration.ObjectPostProcessorConfiguration$$EnhancerBySpringCGLIB$$efd543d3] is not eligible for getting processed by all BeanPostProcessors (for example: not eligible for auto-proxying)
2024-11-26 20:22:14,916 INFO org.springframework.context.support.PostProcessorRegistrationDelegate$BeanPostProcessorChecker [restartedMain] Bean 'objectPostProcessor' of type [org.springframework.security.config.annotation.configuration.AutowireBeanFactoryObjectPostProcessor] is not eligible for getting processed by all BeanPostProcessors (for example: not eligible for auto-proxying)
2024-11-26 20:22:14,923 INFO org.springframework.context.support.PostProcessorRegistrationDelegate$BeanPostProcessorChecker [restartedMain] Bean 'org.springframework.security.access.expression.method.DefaultMethodSecurityExpressionHandler@bb7285c' of type [org.springframework.security.access.expression.method.DefaultMethodSecurityExpressionHandler] is not eligible for getting processed by all BeanPostProcessors (for example: not eligible for auto-proxying)
2024-11-26 20:22:14,930 INFO org.springframework.context.support.PostProcessorRegistrationDelegate$BeanPostProcessorChecker [restartedMain] Bean 'org.springframework.security.config.annotation.method.configuration.GlobalMethodSecurityConfiguration' of type [org.springframework.security.config.annotation.method.configuration.GlobalMethodSecurityConfiguration$$EnhancerBySpringCGLIB$$14a9e685] is not eligible for getting processed by all BeanPostProcessors (for example: not eligible for auto-proxying)
2024-11-26 20:22:14,956 INFO org.springframework.context.support.PostProcessorRegistrationDelegate$BeanPostProcessorChecker [restartedMain] Bean 'org.springframework.security.config.annotation.method.configuration.Jsr250MetadataSourceConfiguration' of type [org.springframework.security.config.annotation.method.configuration.Jsr250MetadataSourceConfiguration$$EnhancerBySpringCGLIB$$39fefe9b] is not eligible for getting processed by all BeanPostProcessors (for example: not eligible for auto-proxying)
2024-11-26 20:22:14,966 INFO org.springframework.context.support.PostProcessorRegistrationDelegate$BeanPostProcessorChecker [restartedMain] Bean 'jsr250MethodSecurityMetadataSource' of type [org.springframework.security.access.annotation.Jsr250MethodSecurityMetadataSource] is not eligible for getting processed by all BeanPostProcessors (for example: not eligible for auto-proxying)
2024-11-26 20:22:14,969 INFO org.springframework.context.support.PostProcessorRegistrationDelegate$BeanPostProcessorChecker [restartedMain] Bean 'methodSecurityMetadataSource' of type [org.springframework.security.access.method.DelegatingMethodSecurityMetadataSource] is not eligible for getting processed by all BeanPostProcessors (for example: not eligible for auto-proxying)
2024-11-26 20:22:15,017 INFO org.springframework.context.support.PostProcessorRegistrationDelegate$BeanPostProcessorChecker [restartedMain] Bean 'org.springframework.hateoas.config.HateoasConfiguration' of type [org.springframework.hateoas.config.HateoasConfiguration$$EnhancerBySpringCGLIB$$d6a7c8cb] is not eligible for getting processed by all BeanPostProcessors (for example: not eligible for auto-proxying)
2024-11-26 20:22:15,208 INFO com.ulisesbocchio.jasyptspringboot.filter.DefaultLazyPropertyFilter [restartedMain] Property Filter custom Bean not found with name 'encryptablePropertyFilter'. Initializing Default Property Filter
2024-11-26 20:22:15,219 INFO com.ulisesbocchio.jasyptspringboot.resolver.DefaultLazyPropertyResolver [restartedMain] Property Resolver custom Bean not found with name 'encryptablePropertyResolver'. Initializing Default Property Resolver
2024-11-26 20:22:15,223 INFO com.ulisesbocchio.jasyptspringboot.detector.DefaultLazyPropertyDetector [restartedMain] Property Detector custom Bean not found with name 'encryptablePropertyDetector'. Initializing Default Property Detector
2024-11-26 20:22:16,154 INFO org.springframework.boot.web.embedded.tomcat.TomcatWebServer [restartedMain] Tomcat initialized with port(s): 5000 (http)
2024-11-26 20:22:16,189 INFO org.apache.juli.logging.DirectJDKLog [restartedMain] Initializing ProtocolHandler ["http-nio-5000"]
2024-11-26 20:22:16,200 INFO org.apache.juli.logging.DirectJDKLog [restartedMain] Starting service [Tomcat]
2024-11-26 20:22:16,201 INFO org.apache.juli.logging.DirectJDKLog [restartedMain] Starting Servlet Engine: Apache Tomcat/9.0.12
2024-11-26 20:22:16,220 INFO org.apache.juli.logging.DirectJDKLog [restartedMain] The APR based Apache Tomcat Native library which allows optimal performance in production environments was not found on the java.library.path: [C:\Program Files\Java\jre1.8.0_421\bin;C:\WINDOWS\Sun\Java\bin;C:\WINDOWS\system32;C:\WINDOWS;C:/Program Files/Java/jre1.8.0_421/bin/server;C:/Program Files/Java/jre1.8.0_421/bin;C:/Program Files/Java/jre1.8.0_421/lib/amd64;C:\Program Files (x86)\Common Files\Oracle\Java\java8path;C:\Program Files (x86)\Common Files\Oracle\Java\javapath;D:\Softwares\WINDOWS.X64_193000_db_home\bin;C:\ProgramData\Oracle\Java\javapath;C:\WINDOWS\system32;C:\WINDOWS;C:\WINDOWS\System32\Wbem;C:\WINDOWS\System32\WindowsPowerShell\v1.0\;C:\WINDOWS\System32\OpenSSH\;C:\Program Files\TortoiseGit\bin;C:\xampp\php;C:\ProgramData\ComposerSetup\bin;C:\Program Files\Java\jdk1.8.0_202\bin;C:\Program Files\nodejs\;C:\Users\30514\AppData\Local\Microsoft\WindowsApps;C:\Users\30514\AppData\Local\Programs\Microsoft VS Code\bin;C:\Users\30514\AppData\Local\Programs\Git\cmd;C:\Users\30514\AppData\Roaming\npm;D:\Softwares\spring-tool-suite-3.9.12.RELEASE-e4.15.0-win32-x86_64\sts-bundle\sts-3.9.12.RELEASE;;.]
2024-11-26 20:22:16,608 INFO org.apache.juli.logging.DirectJDKLog [restartedMain] Initializing Spring embedded WebApplicationContext
2024-11-26 20:22:16,609 DEBUG org.springframework.boot.web.servlet.context.ServletWebServerApplicationContext [restartedMain] Published root WebApplicationContext as ServletContext attribute with name [org.springframework.web.context.WebApplicationContext.ROOT]
2024-11-26 20:22:16,609 INFO org.springframework.boot.web.servlet.context.ServletWebServerApplicationContext [restartedMain] Root WebApplicationContext: initialization completed in 7329 ms
2024-11-26 20:22:17,169 INFO com.zaxxer.hikari.HikariDataSource [restartedMain] HikariPool-1 - Starting...
2024-11-26 20:22:17,538 INFO com.zaxxer.hikari.HikariDataSource [restartedMain] HikariPool-1 - Start completed.
2024-11-26 20:22:17,793 INFO org.hibernate.jpa.internal.util.LogHelper [restartedMain] HHH000204: Processing PersistenceUnitInfo [
	name: default
	...]
2024-11-26 20:22:18,032 INFO org.hibernate.Version [restartedMain] HHH000412: Hibernate Core {5.3.7.Final}
2024-11-26 20:22:18,043 INFO org.hibernate.cfg.Environment [restartedMain] HHH000206: hibernate.properties not found
2024-11-26 20:22:18,512 INFO org.hibernate.annotations.common.reflection.java.JavaReflectionManager [restartedMain] HCANN000001: Hibernate Commons Annotations {5.0.4.Final}
2024-11-26 20:22:19,003 INFO org.hibernate.dialect.Dialect [restartedMain] HHH000400: Using dialect: com.fertilizer.config.MyCustomMYSQLDialect
2024-11-26 20:22:22,815 INFO org.springframework.orm.jpa.AbstractEntityManagerFactoryBean [restartedMain] Initialized JPA EntityManagerFactory for persistence unit 'default'
2024-11-26 20:22:23,619 INFO org.hibernate.hql.internal.QueryTranslatorFactoryInitiator [restartedMain] HHH000397: Using ASTQueryTranslatorFactory
2024-11-26 20:22:24,771 INFO org.springframework.boot.web.servlet.AbstractFilterRegistrationBean [restartedMain] Mapping filter: 'characterEncodingFilter' to: [/*]
2024-11-26 20:22:24,773 INFO org.springframework.boot.web.servlet.AbstractFilterRegistrationBean [restartedMain] Mapping filter: 'springSecurityFilterChain' to: [/*]
2024-11-26 20:22:24,774 INFO org.springframework.boot.web.servlet.AbstractFilterRegistrationBean [restartedMain] Mapping filter: 'myLoggerFilter' to: [/*]
2024-11-26 20:22:24,774 INFO org.springframework.boot.web.servlet.AbstractFilterRegistrationBean [restartedMain] Mapping filter: 'requestResponseLoggingFilter' to: [/*]
2024-11-26 20:22:24,774 INFO org.springframework.boot.web.servlet.AbstractFilterRegistrationBean [restartedMain] Mapping filter: 'jwtAuthenticationFilter' to: [/*]
2024-11-26 20:22:24,775 INFO org.springframework.boot.web.servlet.ServletRegistrationBean [restartedMain] Servlet dispatcherServlet mapped to [/]
2024-11-26 20:22:24,779 INFO org.springframework.boot.web.servlet.ServletRegistrationBean [restartedMain] Servlet webServlet mapped to [/h2-console/*]
2024-11-26 20:22:24,821 DEBUG org.springframework.web.filter.GenericFilterBean [restartedMain] Filter 'jwtAuthenticationFilter' configured for use
2024-11-26 20:22:24,823 DEBUG org.springframework.web.filter.GenericFilterBean [restartedMain] Filter 'requestResponseLoggingFilter' configured for use
2024-11-26 20:22:26,824 TRACE org.springframework.web.servlet.handler.AbstractHandlerMethodMapping [restartedMain] Mapped 2 handler method(s) for class com.fertilizer.controller.AuthController: {public org.springframework.http.ResponseEntity com.fertilizer.controller.AuthController.authenticateUser(com.fertilizer.request1.LoginRequest,javax.servlet.http.HttpServletRequest,javax.servlet.http.HttpServletResponse)={[/auth/signin],methods=[POST]}, public org.springframework.http.ResponseEntity com.fertilizer.controller.AuthController.logoutAuthenticateUser(javax.servlet.http.HttpServletRequest,javax.servlet.http.HttpServletResponse)={[/auth/signout],methods=[POST]}}
2024-11-26 20:22:26,836 TRACE org.springframework.web.servlet.handler.AbstractHandlerMethodMapping [restartedMain] Mapped 3 handler method(s) for class com.fertilizer.controller.CartController: {public java.util.List com.fertilizer.controller.CartController.getCartDetails()={[/getCartDetails],methods=[GET]}, public com.fertilizer.model.Cart com.fertilizer.controller.CartController.addTocart(java.lang.Integer)={[/addToCart/{productId}],methods=[GET]}, public void com.fertilizer.controller.CartController.deleteCartItem(java.lang.Integer)={[/deleteCartItem/{cartId}],methods=[DELETE]}}
2024-11-26 20:22:26,840 TRACE org.springframework.web.servlet.handler.AbstractHandlerMethodMapping [restartedMain] Mapped 4 handler method(s) for class com.fertilizer.controller.CityController: {public org.springframework.http.ResponseEntity com.fertilizer.controller.CityController.getAllCity(com.fertilizer.request1.CityListRequestDTO)={[/city1],methods=[POST]}, public org.springframework.http.ResponseEntity com.fertilizer.controller.CityController.getAllCity(com.fertilizer.request1.CitySearchRequest)={[/city],methods=[POST]}, public org.springframework.http.ResponseEntity com.fertilizer.controller.CityController.getAllState(com.fertilizer.request1.StateListRequestDTO)={[/state],methods=[GET]}, public org.springframework.http.ResponseEntity com.fertilizer.controller.CityController.getAllCountry(com.fertilizer.request.CountryListRequestDTO)={[/country],methods=[GET]}}
2024-11-26 20:22:26,845 TRACE org.springframework.web.servlet.handler.AbstractHandlerMethodMapping [restartedMain] Mapped 1 handler method(s) for class com.fertilizer.controller.CommissionController: {public org.springframework.http.ResponseEntity com.fertilizer.controller.CommissionController.uploadPaymentReceipt(com.fertilizer.request.RegistrationPaymentRequest,org.springframework.web.multipart.MultipartFile[])={[/uploadPaymentReceipt],methods=[POST],consumes=[multipart/form-data]}}
2024-11-26 20:22:26,847 TRACE org.springframework.web.servlet.handler.AbstractHandlerMethodMapping [restartedMain] Mapped 0 handler method(s) for class com.fertilizer.controller.OrderController: {}
2024-11-26 20:22:26,849 TRACE org.springframework.web.servlet.handler.AbstractHandlerMethodMapping [restartedMain] Mapped 3 handler method(s) for class com.fertilizer.controller.OrderDetailController: {public void com.fertilizer.controller.OrderDetailController.placeOrder(boolean,com.fertilizer.model.OrderInput)={[/placeOrder/{isSingleProductCheckout}],methods=[POST]}, public java.util.List com.fertilizer.controller.OrderDetailController.getOrderDetails()={[/getOrderDetails],methods=[GET]}, public java.util.List com.fertilizer.controller.OrderDetailController.getAllOrderDetails()={[/getAllOrderDetails],methods=[GET]}}
2024-11-26 20:22:26,854 TRACE org.springframework.web.servlet.handler.AbstractHandlerMethodMapping [restartedMain] Mapped 4 handler method(s) for class com.fertilizer.controller.PasswordController: {public org.springframework.http.ResponseEntity com.fertilizer.controller.PasswordController.resetPassword(com.fertilizer.request1.ResetPasswordDto)={[/reset-password],methods=[POST]}, public org.springframework.http.ResponseEntity com.fertilizer.controller.PasswordController.changePassword(com.fertilizer.request1.ChangePasswordDto,javax.servlet.http.HttpServletRequest)={[/change-password],methods=[POST]}, public org.springframework.http.ResponseEntity com.fertilizer.controller.PasswordController.getPasswordRecoveryOtp(java.lang.String)={[/get-password-recovery-otp],methods=[GET]}, public org.springframework.http.ResponseEntity com.fertilizer.controller.PasswordController.verifyPasswordRecoveryOtp(com.fertilizer.request1.UserOtpDTO)={[/verify-password-recovery-otp],methods=[POST]}}
2024-11-26 20:22:26,859 TRACE org.springframework.web.servlet.handler.AbstractHandlerMethodMapping [restartedMain] Mapped 5 handler method(s) for class com.fertilizer.controller.ProductController: {public com.fertilizer.model.Product com.fertilizer.controller.ProductController.addNewProduct(com.fertilizer.model.Product,org.springframework.web.multipart.MultipartFile[])={[/addNewProduct],methods=[POST],consumes=[multipart/form-data]}, public java.util.List com.fertilizer.controller.ProductController.getAllProducts(int,java.lang.String)={[/getAllProducts],methods=[GET]}, public com.fertilizer.model.Product com.fertilizer.controller.ProductController.getProductDetailsById(java.lang.Integer)={[/getProductDetailsById/{productId}],methods=[GET]}, public java.util.List com.fertilizer.controller.ProductController.getProductDetails(boolean,java.lang.Integer)={[/getProductDetails/{isSingeProductCheckout}/{productId}],methods=[GET]}, public void com.fertilizer.controller.ProductController.deleteProductDetailes(java.lang.Integer)={[/deleteProductDetails/{productId}],methods=[DELETE]}}
2024-11-26 20:22:26,865 TRACE org.springframework.web.servlet.handler.AbstractHandlerMethodMapping [restartedMain] Mapped 7 handler method(s) for class com.fertilizer.controller.RoleController: {public org.springframework.http.ResponseEntity com.fertilizer.controller.RoleController.addUser(com.fertilizer.request1.RoleBasedUserCreateDTO)={[/role/addUser],methods=[POST]}, public org.springframework.http.ResponseEntity com.fertilizer.controller.RoleController.updateSubUserDetailsBySuperAdmin(java.lang.Long,com.fertilizer.request1.RoleBasedUpdateUserDTO)={[/role/update-sub-user-details/{userId}],methods=[PUT]}, public org.springframework.http.ResponseEntity com.fertilizer.controller.RoleController.getOrderCountForUser(java.lang.Long)={[/role/get-order-count],methods=[GET]}, public org.springframework.http.ResponseEntity com.fertilizer.controller.RoleController.updateSubUserProfile(java.lang.Long,com.fertilizer.request1.RoleBasedUpdateUserDTO,javax.servlet.http.HttpServletRequest)={[/role/update-sub-user-profile/{userId}],methods=[PUT]}, public org.springframework.http.ResponseEntity com.fertilizer.controller.RoleController.getSubUserRegistrationData(java.lang.Long)={[/role/sub-user-registered-detail],methods=[GET]}, public org.springframework.http.ResponseEntity com.fertilizer.controller.RoleController.activateOrDeactivatesubUser(java.lang.Long,java.lang.String)={[/role],methods=[PATCH]}, public org.springframework.http.ResponseEntity com.fertilizer.controller.RoleController.resendSubUserOnboardingLink(java.lang.Long)={[/role/resend-user-onboarding-link],methods=[POST]}}
2024-11-26 20:22:26,884 TRACE org.springframework.web.servlet.handler.AbstractHandlerMethodMapping [restartedMain] Mapped 10 handler method(s) for class com.fertilizer.controller.UserController: {public org.springframework.http.ResponseEntity com.fertilizer.controller.UserController.signUpUser(com.fertilizer.request.SignUpRequest)={[/signUp],methods=[POST]}, public org.springframework.http.ResponseEntity com.fertilizer.controller.UserController.reRegister()={[/reEntry],methods=[GET]}, public org.springframework.http.ResponseEntity com.fertilizer.controller.UserController.viewProfile()={[/profile],methods=[GET]}, public org.springframework.http.ResponseEntity com.fertilizer.controller.UserController.getUserHierarchy()={[/getAllUsers],methods=[GET]}, public boolean com.fertilizer.controller.UserController.checkEmail(java.lang.String)={[/emailUniqueness],methods=[POST]}, public org.springframework.http.ResponseEntity com.fertilizer.controller.UserController.editProfile(com.fertilizer.DTO.EditProfileRequestDTO)={[/profile],methods=[PUT]}, public org.springframework.http.ResponseEntity com.fertilizer.controller.UserController.activateUser(java.lang.Long)={[/activateUser],methods=[POST]}, public org.springframework.http.ResponseEntity com.fertilizer.controller.UserController.getUserProfileDetailDTO()={[/user/me],methods=[GET]}, public org.springframework.http.ResponseEntity com.fertilizer.controller.UserController.updateUserProfileDetailDTO(com.fertilizer.request1.UserUpdate,javax.servlet.http.HttpServletRequest)={[/user/me],methods=[PATCH]}, public org.springframework.http.ResponseEntity com.fertilizer.controller.UserController.getAllUsersByAdmin(com.fertilizer.request.AdminUserSearch)={[/getAllUsersByAdmin],methods=[POST]}}
2024-11-26 20:22:26,900 TRACE org.springframework.web.servlet.handler.AbstractHandlerMethodMapping [restartedMain] Mapped 3 handler method(s) for class springfox.documentation.swagger.web.ApiResourceController: {public org.springframework.http.ResponseEntity springfox.documentation.swagger.web.ApiResourceController.swaggerResources()={[/swagger-resources]}, public org.springframework.http.ResponseEntity springfox.documentation.swagger.web.ApiResourceController.uiConfiguration()={[/swagger-resources/configuration/ui]}, public org.springframework.http.ResponseEntity springfox.documentation.swagger.web.ApiResourceController.securityConfiguration()={[/swagger-resources/configuration/security]}}
2024-11-26 20:22:26,909 TRACE org.springframework.web.servlet.handler.AbstractHandlerMethodMapping [restartedMain] Mapped 2 handler method(s) for class org.springframework.boot.autoconfigure.web.servlet.error.BasicErrorController: {public org.springframework.http.ResponseEntity org.springframework.boot.autoconfigure.web.servlet.error.BasicErrorController.error(javax.servlet.http.HttpServletRequest)={[/error]}, public org.springframework.web.servlet.ModelAndView org.springframework.boot.autoconfigure.web.servlet.error.BasicErrorController.errorHtml(javax.servlet.http.HttpServletRequest,javax.servlet.http.HttpServletResponse)={[/error],produces=[text/html]}}
2024-11-26 20:22:26,919 DEBUG org.springframework.web.servlet.handler.AbstractHandlerMethodMapping [restartedMain] 44 mappings in 'requestMappingHandlerMapping'
2024-11-26 20:22:27,395 INFO org.springframework.scheduling.concurrent.ExecutorConfigurationSupport [restartedMain] Initializing ExecutorService
2024-11-26 20:22:27,397 INFO org.springframework.scheduling.concurrent.ExecutorConfigurationSupport [restartedMain] Initializing ExecutorService 'asyncExecutor'
2024-11-26 20:22:27,937 INFO springfox.documentation.spring.web.PropertySourcedRequestMappingHandlerMapping [restartedMain] Mapped URL path [/v2/api-docs] onto method [public org.springframework.http.ResponseEntity<springfox.documentation.spring.web.json.Json> springfox.documentation.swagger2.web.Swagger2Controller.getDocumentation(java.lang.String,javax.servlet.http.HttpServletRequest)]
2024-11-26 20:22:27,974 TRACE org.springframework.web.servlet.handler.AbstractUrlHandlerMapping [restartedMain] Mapped [/documentation/v2/api-docs] onto ParameterizableViewController [view=org.springframework.web.servlet.view.RedirectView: [RedirectView]; URL [/v2/api-docs]]
2024-11-26 20:22:27,974 TRACE org.springframework.web.servlet.handler.AbstractUrlHandlerMapping [restartedMain] Mapped [/documentation/swagger-resources/configuration/ui] onto ParameterizableViewController [view=org.springframework.web.servlet.view.RedirectView: [RedirectView]; URL [/swagger-resources/configuration/ui]]
2024-11-26 20:22:27,975 TRACE org.springframework.web.servlet.handler.AbstractUrlHandlerMapping [restartedMain] Mapped [/documentation/swagger-resources/configuration/security] onto ParameterizableViewController [view=org.springframework.web.servlet.view.RedirectView: [RedirectView]; URL [/swagger-resources/configuration/security]]
2024-11-26 20:22:27,975 TRACE org.springframework.web.servlet.handler.AbstractUrlHandlerMapping [restartedMain] Mapped [/documentation/swagger-resources] onto ParameterizableViewController [view=org.springframework.web.servlet.view.RedirectView: [RedirectView]; URL [/swagger-resources]]
2024-11-26 20:22:27,976 DEBUG org.springframework.web.servlet.handler.SimpleUrlHandlerMapping [restartedMain] Patterns [/documentation/v2/api-docs, /documentation/swagger-resources/configuration/ui, /documentation/swagger-resources/configuration/security, /documentation/swagger-resources] in 'viewControllerHandlerMapping'
2024-11-26 20:22:27,988 DEBUG org.springframework.web.servlet.handler.AbstractDetectingUrlHandlerMapping [restartedMain] Detected 0 mappings in 'beanNameHandlerMapping'
2024-11-26 20:22:28,009 TRACE org.springframework.web.servlet.handler.AbstractUrlHandlerMapping [restartedMain] Mapped [/documentation/**] onto ResourceHttpRequestHandler ["classpath:/META-INF/resources/"]
2024-11-26 20:22:28,009 TRACE org.springframework.web.servlet.handler.AbstractUrlHandlerMapping [restartedMain] Mapped [/**] onto ResourceHttpRequestHandler ["classpath:/resources/"]
2024-11-26 20:22:28,010 DEBUG org.springframework.web.servlet.handler.SimpleUrlHandlerMapping [restartedMain] Patterns [/documentation/**, /**] in 'resourceHandlerMapping'
2024-11-26 20:22:28,033 INFO org.springframework.security.web.DefaultSecurityFilterChain [restartedMain] Creating filter chain: any request, [org.springframework.security.web.context.request.async.WebAsyncManagerIntegrationFilter@4dcf87a3, org.springframework.security.web.context.SecurityContextPersistenceFilter@5c62f2b5, org.springframework.security.web.header.HeaderWriterFilter@3e26579a, org.springframework.web.filter.CorsFilter@22acf195, org.springframework.security.web.authentication.logout.LogoutFilter@4c08c5c4, com.fertilizer.config.JwtAuthenticationFilter@207e38ff, org.springframework.security.web.savedrequest.RequestCacheAwareFilter@590efe28, org.springframework.security.web.servletapi.SecurityContextHolderAwareRequestFilter@1a38f342, org.springframework.security.web.authentication.AnonymousAuthenticationFilter@7a56ba6d, com.fertilizer.util.CorsFilter@7625663f, org.springframework.security.web.session.SessionManagementFilter@568c546a, org.springframework.security.web.access.ExceptionTranslationFilter@57a82419, org.springframework.security.web.access.intercept.FilterSecurityInterceptor@387c8a0e]
2024-11-26 20:22:28,270 INFO org.springframework.boot.devtools.autoconfigure.OptionalLiveReloadServer [restartedMain] LiveReload server is running on port 35729
2024-11-26 20:22:28,320 DEBUG org.springframework.web.servlet.mvc.method.annotation.RequestMappingHandlerAdapter [restartedMain] ControllerAdvice beans: 0 @ModelAttribute, 0 @InitBinder, 1 RequestBodyAdvice, 1, ResponseBodyAdvice
2024-11-26 20:22:28,418 DEBUG org.springframework.web.servlet.mvc.method.annotation.ExceptionHandlerExceptionResolver [restartedMain] ControllerAdvice beans: 20 @ExceptionHandler, 1 ResponseBodyAdvice
2024-11-26 20:22:28,499 WARN org.springframework.boot.autoconfigure.orm.jpa.JpaBaseConfiguration$JpaWebConfiguration$JpaWebMvcConfiguration [restartedMain] spring.jpa.open-in-view is enabled by default. Therefore, database queries may be performed during view rendering. Explicitly configure spring.jpa.open-in-view to disable this warning
2024-11-26 20:22:29,431 INFO springfox.documentation.spring.web.plugins.DocumentationPluginsBootstrapper [restartedMain] Context refreshed
2024-11-26 20:22:29,480 INFO springfox.documentation.spring.web.plugins.DocumentationPluginsBootstrapper [restartedMain] Found 1 custom documentation plugin(s)
2024-11-26 20:22:29,568 INFO springfox.documentation.spring.web.scanners.ApiListingReferenceScanner [restartedMain] Scanning for api listing references
2024-11-26 20:22:29,996 INFO springfox.documentation.spring.web.readers.operation.CachingOperationNameGenerator [restartedMain] Generating unique operation named: getAllCityUsingPOST_1
2024-11-26 20:22:30,416 INFO org.apache.juli.logging.DirectJDKLog [restartedMain] Starting ProtocolHandler ["http-nio-5000"]
2024-11-26 20:22:30,447 INFO org.apache.juli.logging.DirectJDKLog [restartedMain] Using a shared selector for servlet write/read
2024-11-26 20:22:30,500 INFO org.springframework.boot.web.embedded.tomcat.TomcatWebServer [restartedMain] Tomcat started on port(s): 5000 (http) with context path '/api'
2024-11-26 20:22:30,502 INFO com.ulisesbocchio.jasyptspringboot.caching.RefreshScopeRefreshedEventListener [restartedMain] Refreshing cached encryptable property sources on ServletWebServerInitializedEvent
2024-11-26 20:22:30,505 INFO com.ulisesbocchio.jasyptspringboot.caching.CachingDelegateEncryptablePropertySource [restartedMain] Property Source commandLineArgs refreshed
2024-11-26 20:22:30,506 INFO com.ulisesbocchio.jasyptspringboot.caching.CachingDelegateEncryptablePropertySource [restartedMain] Property Source systemProperties refreshed
2024-11-26 20:22:30,506 INFO com.ulisesbocchio.jasyptspringboot.caching.CachingDelegateEncryptablePropertySource [restartedMain] Property Source systemEnvironment refreshed
2024-11-26 20:22:30,507 INFO com.ulisesbocchio.jasyptspringboot.caching.CachingDelegateEncryptablePropertySource [restartedMain] Property Source random refreshed
2024-11-26 20:22:30,507 INFO com.ulisesbocchio.jasyptspringboot.caching.CachingDelegateEncryptablePropertySource [restartedMain] Property Source applicationConfig: [classpath:/application-qa.properties] refreshed
2024-11-26 20:22:30,507 INFO com.ulisesbocchio.jasyptspringboot.caching.CachingDelegateEncryptablePropertySource [restartedMain] Property Source devtools refreshed
2024-11-26 20:22:30,508 INFO com.ulisesbocchio.jasyptspringboot.EncryptablePropertySourceConverter [restartedMain] Skipping PropertySource configurationProperties [class org.springframework.boot.context.properties.source.ConfigurationPropertySourcesPropertySource
2024-11-26 20:22:30,508 INFO com.ulisesbocchio.jasyptspringboot.EncryptablePropertySourceConverter [restartedMain] Skipping PropertySource servletConfigInitParams [class org.springframework.core.env.PropertySource$StubPropertySource
2024-11-26 20:22:30,509 INFO com.ulisesbocchio.jasyptspringboot.EncryptablePropertySourceConverter [restartedMain] Converting PropertySource servletContextInitParams [org.springframework.web.context.support.ServletContextPropertySource] to EncryptableEnumerablePropertySourceWrapper
2024-11-26 20:22:30,513 INFO org.springframework.boot.StartupInfoLogger [restartedMain] Started FertilizerApplication in 22.792 seconds (JVM running for 27.264)
2024-11-26 20:22:51,745 INFO org.apache.juli.logging.DirectJDKLog [http-nio-5000-exec-2] Initializing Spring DispatcherServlet 'dispatcherServlet'
2024-11-26 20:22:51,745 INFO org.springframework.web.servlet.FrameworkServlet [http-nio-5000-exec-2] Initializing Servlet 'dispatcherServlet'
2024-11-26 20:22:51,746 TRACE org.springframework.web.servlet.DispatcherServlet [http-nio-5000-exec-2] Detected org.springframework.web.multipart.support.StandardServletMultipartResolver@234d56df
2024-11-26 20:22:51,754 TRACE org.springframework.web.servlet.DispatcherServlet [http-nio-5000-exec-2] No LocaleResolver 'localeResolver': using default [AcceptHeaderLocaleResolver]
2024-11-26 20:22:51,763 TRACE org.springframework.web.servlet.DispatcherServlet [http-nio-5000-exec-2] No ThemeResolver 'themeResolver': using default [FixedThemeResolver]
2024-11-26 20:22:51,793 TRACE org.springframework.web.servlet.DispatcherServlet [http-nio-5000-exec-2] No RequestToViewNameTranslator 'viewNameTranslator': using default [DefaultRequestToViewNameTranslator]
2024-11-26 20:22:51,844 TRACE org.springframework.web.servlet.DispatcherServlet [http-nio-5000-exec-2] No FlashMapManager 'flashMapManager': using default [SessionFlashMapManager]
2024-11-26 20:22:51,845 DEBUG org.springframework.web.servlet.FrameworkServlet [http-nio-5000-exec-2] enableLoggingRequestDetails='false': request parameters and headers will be masked to prevent unsafe logging of potentially sensitive data
2024-11-26 20:22:51,846 INFO org.springframework.web.servlet.FrameworkServlet [http-nio-5000-exec-2] Completed initialization in 100 ms
2024-11-26 20:22:51,949 TRACE org.springframework.web.servlet.handler.AbstractHandlerMapping [http-nio-5000-exec-2] Mapped to public org.springframework.http.ResponseEntity<com.fertilizer.util.Response<java.util.List<com.fertilizer.model.Country>>> com.fertilizer.controller.CityController.getAllCountry(com.fertilizer.request.CountryListRequestDTO)
2024-11-26 20:22:52,041 TRACE org.springframework.core.log.LogFormatUtils [http-nio-5000-exec-2] GET "/api/country", parameters={}, headers={masked} in DispatcherServlet 'dispatcherServlet'
2024-11-26 20:22:52,043 TRACE org.springframework.web.servlet.handler.AbstractHandlerMapping [http-nio-5000-exec-2] Mapped to public org.springframework.http.ResponseEntity<com.fertilizer.util.Response<java.util.List<com.fertilizer.model.Country>>> com.fertilizer.controller.CityController.getAllCountry(com.fertilizer.request.CountryListRequestDTO)
2024-11-26 20:22:52,048 TRACE org.springframework.web.cors.DefaultCorsProcessor [http-nio-5000-exec-2] Skip: response already contains "Access-Control-Allow-Origin"
2024-11-26 20:22:52,153 TRACE org.springframework.web.method.support.InvocableHandlerMethod [http-nio-5000-exec-2] Arguments: [com.fertilizer.request.CountryListRequestDTO@7a3c9762]
2024-11-26 20:22:52,156 DEBUG com.fertilizer.controller.CityController [http-nio-5000-exec-2] Country Controller method Called
2024-11-26 20:22:52,378 DEBUG org.hibernate.engine.jdbc.spi.SqlStatementLogger [http-nio-5000-exec-2] select country0_.id as id1_4_, country0_.created_at as created_2_4_, country0_.created_by as created_3_4_, country0_.updated_at as updated_4_4_, country0_.updated_by as updated_5_4_, country0_.status as status6_4_, country0_.country_code_long as country_7_4_, country0_.country_code_short as country_8_4_, country0_.country_name as country_9_4_, country0_.country_numeric_code as country10_4_, country0_.country_std_code as country11_4_, country0_.region as region12_4_, country0_.sub_region as sub_reg13_4_ from countries country0_
2024-11-26 20:22:52,720 DEBUG org.springframework.web.servlet.mvc.method.annotation.AbstractMessageConverterMethodProcessor [http-nio-5000-exec-2] Using 'application/json', given [application/json, text/plain, */*] and supported [application/json, application/*+json, application/cbor]
2024-11-26 20:22:52,725 TRACE org.springframework.core.log.LogFormatUtils [http-nio-5000-exec-2] Writing [Response [data=[com.fertilizer.model.Country@44ebf340, com.fertilizer.model.Country@6e404646, com.fe (truncated)...]
2024-11-26 20:22:52,835 TRACE org.springframework.web.servlet.DispatcherServlet [http-nio-5000-exec-2] No view rendering, null ModelAndView returned.
2024-11-26 20:22:52,836 DEBUG org.springframework.web.servlet.FrameworkServlet [http-nio-5000-exec-2] Completed 200 OK, headers={masked}
2024-11-26 20:22:53,071 DEBUG org.hibernate.engine.jdbc.spi.SqlStatementLogger [http-nio-5000-exec-2] insert into application_logs (created_at, created_by, updated_at, updated_by, status, application_error, class_name, client_ip, line_no, method_name, remarks, request_date, request_method, request_payload, request_uri, response, response_status, server_ip, user_id) values (?, ?, ?, ?, ?, ?, ?, ?, ?, ?, ?, ?, ?, ?, ?, ?, ?, ?, ?)
2024-11-26 20:26:20,400 TRACE org.springframework.web.servlet.handler.AbstractHandlerMapping [http-nio-5000-exec-3] Mapped to public org.springframework.http.ResponseEntity<com.fertilizer.util.Response<java.util.List<com.fertilizer.model.Country>>> com.fertilizer.controller.CityController.getAllCountry(com.fertilizer.request.CountryListRequestDTO)
2024-11-26 20:26:20,569 TRACE org.springframework.core.log.LogFormatUtils [http-nio-5000-exec-3] GET "/api/country", parameters={}, headers={masked} in DispatcherServlet 'dispatcherServlet'
2024-11-26 20:26:20,597 TRACE org.springframework.web.servlet.handler.AbstractHandlerMapping [http-nio-5000-exec-3] Mapped to public org.springframework.http.ResponseEntity<com.fertilizer.util.Response<java.util.List<com.fertilizer.model.Country>>> com.fertilizer.controller.CityController.getAllCountry(com.fertilizer.request.CountryListRequestDTO)
2024-11-26 20:26:20,617 TRACE org.springframework.web.cors.DefaultCorsProcessor [http-nio-5000-exec-3] Skip: response already contains "Access-Control-Allow-Origin"
2024-11-26 20:26:20,716 TRACE org.springframework.web.method.support.InvocableHandlerMethod [http-nio-5000-exec-3] Arguments: [com.fertilizer.request.CountryListRequestDTO@14f4c5a]
2024-11-26 20:26:20,722 DEBUG com.fertilizer.controller.CityController [http-nio-5000-exec-3] Country Controller method Called
2024-11-26 20:26:20,986 DEBUG org.hibernate.engine.jdbc.spi.SqlStatementLogger [http-nio-5000-exec-3] select country0_.id as id1_4_, country0_.created_at as created_2_4_, country0_.created_by as created_3_4_, country0_.updated_at as updated_4_4_, country0_.updated_by as updated_5_4_, country0_.status as status6_4_, country0_.country_code_long as country_7_4_, country0_.country_code_short as country_8_4_, country0_.country_name as country_9_4_, country0_.country_numeric_code as country10_4_, country0_.country_std_code as country11_4_, country0_.region as region12_4_, country0_.sub_region as sub_reg13_4_ from countries country0_
2024-11-26 20:26:21,327 DEBUG org.springframework.web.servlet.mvc.method.annotation.AbstractMessageConverterMethodProcessor [http-nio-5000-exec-3] Using 'application/json', given [application/json, text/plain, */*] and supported [application/json, application/*+json, application/cbor]
2024-11-26 20:26:21,363 TRACE org.springframework.core.log.LogFormatUtils [http-nio-5000-exec-3] Writing [Response [data=[com.fertilizer.model.Country@e150bf7, com.fertilizer.model.Country@24623d58, com.fer (truncated)...]
2024-11-26 20:26:21,410 TRACE org.springframework.web.servlet.DispatcherServlet [http-nio-5000-exec-3] No view rendering, null ModelAndView returned.
2024-11-26 20:26:21,412 DEBUG org.springframework.web.servlet.FrameworkServlet [http-nio-5000-exec-3] Completed 200 OK, headers={masked}
2024-11-26 20:26:21,620 DEBUG org.hibernate.engine.jdbc.spi.SqlStatementLogger [http-nio-5000-exec-3] insert into application_logs (created_at, created_by, updated_at, updated_by, status, application_error, class_name, client_ip, line_no, method_name, remarks, request_date, request_method, request_payload, request_uri, response, response_status, server_ip, user_id) values (?, ?, ?, ?, ?, ?, ?, ?, ?, ?, ?, ?, ?, ?, ?, ?, ?, ?, ?)
2024-11-26 20:26:29,965 TRACE org.springframework.web.servlet.handler.AbstractHandlerMapping [http-nio-5000-exec-6] Mapped to public org.springframework.http.ResponseEntity<com.fertilizer.util.Response<java.util.List<com.fertilizer.model.Country>>> com.fertilizer.controller.CityController.getAllCountry(com.fertilizer.request.CountryListRequestDTO)
2024-11-26 20:26:29,970 TRACE org.springframework.core.log.LogFormatUtils [http-nio-5000-exec-6] GET "/api/country", parameters={}, headers={masked} in DispatcherServlet 'dispatcherServlet'
2024-11-26 20:26:29,972 TRACE org.springframework.web.servlet.handler.AbstractHandlerMapping [http-nio-5000-exec-6] Mapped to public org.springframework.http.ResponseEntity<com.fertilizer.util.Response<java.util.List<com.fertilizer.model.Country>>> com.fertilizer.controller.CityController.getAllCountry(com.fertilizer.request.CountryListRequestDTO)
2024-11-26 20:26:29,973 TRACE org.springframework.web.cors.DefaultCorsProcessor [http-nio-5000-exec-6] Skip: response already contains "Access-Control-Allow-Origin"
2024-11-26 20:26:29,978 TRACE org.springframework.web.method.support.InvocableHandlerMethod [http-nio-5000-exec-6] Arguments: [com.fertilizer.request.CountryListRequestDTO@755a8a39]
2024-11-26 20:26:29,980 DEBUG com.fertilizer.controller.CityController [http-nio-5000-exec-6] Country Controller method Called
2024-11-26 20:26:29,986 DEBUG org.hibernate.engine.jdbc.spi.SqlStatementLogger [http-nio-5000-exec-6] select country0_.id as id1_4_, country0_.created_at as created_2_4_, country0_.created_by as created_3_4_, country0_.updated_at as updated_4_4_, country0_.updated_by as updated_5_4_, country0_.status as status6_4_, country0_.country_code_long as country_7_4_, country0_.country_code_short as country_8_4_, country0_.country_name as country_9_4_, country0_.country_numeric_code as country10_4_, country0_.country_std_code as country11_4_, country0_.region as region12_4_, country0_.sub_region as sub_reg13_4_ from countries country0_
2024-11-26 20:26:30,043 DEBUG org.springframework.web.servlet.mvc.method.annotation.AbstractMessageConverterMethodProcessor [http-nio-5000-exec-6] Using 'application/json', given [application/json, text/plain, */*] and supported [application/json, application/*+json, application/cbor]
2024-11-26 20:26:30,048 TRACE org.springframework.core.log.LogFormatUtils [http-nio-5000-exec-6] Writing [Response [data=[com.fertilizer.model.Country@1b8a2ef6, com.fertilizer.model.Country@bd09d1f, com.fer (truncated)...]
2024-11-26 20:26:30,057 TRACE org.springframework.web.servlet.DispatcherServlet [http-nio-5000-exec-6] No view rendering, null ModelAndView returned.
2024-11-26 20:26:30,058 DEBUG org.springframework.web.servlet.FrameworkServlet [http-nio-5000-exec-6] Completed 200 OK, headers={masked}
2024-11-26 20:26:30,077 DEBUG org.hibernate.engine.jdbc.spi.SqlStatementLogger [http-nio-5000-exec-6] insert into application_logs (created_at, created_by, updated_at, updated_by, status, application_error, class_name, client_ip, line_no, method_name, remarks, request_date, request_method, request_payload, request_uri, response, response_status, server_ip, user_id) values (?, ?, ?, ?, ?, ?, ?, ?, ?, ?, ?, ?, ?, ?, ?, ?, ?, ?, ?)
