2024-10-18 18:40:35,243 WARN com.zaxxer.hikari.pool.HikariPool$HouseKeeper [HikariPool-1 housekeeper] HikariPool-1 - Thread starvation or clock leap detected (housekeeper delta=1d1h39m5s72ms111µs700ns).
2024-10-18 19:13:46,859 INFO org.springframework.boot.StartupInfoLogger [restartedMain] Starting FertilizerApplication on DESKTOP-1AL8LP1 with PID 18984 (D:\Project_Fert\adworks-user\target\classes started by 30514 in D:\Project_Fert\adworks-user)
2024-10-18 19:13:46,873 DEBUG org.springframework.boot.StartupInfoLogger [restartedMain] Running with Spring Boot v2.1.0.RELEASE, Spring v5.1.2.RELEASE
2024-10-18 19:13:46,890 INFO org.springframework.boot.SpringApplication [restartedMain] The following profiles are active: qa
2024-10-18 19:13:47,032 INFO org.springframework.boot.logging.DeferredLog [restartedMain] Devtools property defaults active! Set 'spring.devtools.add-properties' to 'false' to disable
2024-10-18 19:13:51,660 INFO org.springframework.data.repository.config.RepositoryConfigurationDelegate [restartedMain] Bootstrapping Spring Data repositories in DEFAULT mode.
2024-10-18 19:13:52,475 INFO org.springframework.data.repository.config.RepositoryConfigurationDelegate [restartedMain] Finished Spring Data repository scanning in 776ms. Found 20 repository interfaces.
2024-10-18 19:13:54,332 INFO com.ulisesbocchio.jasyptspringboot.configuration.EnableEncryptablePropertiesBeanFactoryPostProcessor [restartedMain] Post-processing PropertySource instances
2024-10-18 19:13:54,332 INFO com.ulisesbocchio.jasyptspringboot.EncryptablePropertySourceConverter [restartedMain] Skipping PropertySource configurationProperties [class org.springframework.boot.context.properties.source.ConfigurationPropertySourcesPropertySource
2024-10-18 19:13:54,342 INFO com.ulisesbocchio.jasyptspringboot.EncryptablePropertySourceConverter [restartedMain] Converting PropertySource commandLineArgs [org.springframework.core.env.SimpleCommandLinePropertySource] to EncryptableEnumerablePropertySourceWrapper
2024-10-18 19:13:54,342 INFO com.ulisesbocchio.jasyptspringboot.EncryptablePropertySourceConverter [restartedMain] Skipping PropertySource servletConfigInitParams [class org.springframework.core.env.PropertySource$StubPropertySource
2024-10-18 19:13:54,342 INFO com.ulisesbocchio.jasyptspringboot.EncryptablePropertySourceConverter [restartedMain] Skipping PropertySource servletContextInitParams [class org.springframework.core.env.PropertySource$StubPropertySource
2024-10-18 19:13:54,342 INFO com.ulisesbocchio.jasyptspringboot.EncryptablePropertySourceConverter [restartedMain] Converting PropertySource systemProperties [org.springframework.core.env.MapPropertySource] to EncryptableMapPropertySourceWrapper
2024-10-18 19:13:54,357 INFO com.ulisesbocchio.jasyptspringboot.EncryptablePropertySourceConverter [restartedMain] Converting PropertySource systemEnvironment [org.springframework.boot.env.SystemEnvironmentPropertySourceEnvironmentPostProcessor$OriginAwareSystemEnvironmentPropertySource] to EncryptableSystemEnvironmentPropertySourceWrapper
2024-10-18 19:13:54,357 INFO com.ulisesbocchio.jasyptspringboot.EncryptablePropertySourceConverter [restartedMain] Converting PropertySource random [org.springframework.boot.env.RandomValuePropertySource] to EncryptablePropertySourceWrapper
2024-10-18 19:13:54,357 INFO com.ulisesbocchio.jasyptspringboot.EncryptablePropertySourceConverter [restartedMain] Converting PropertySource applicationConfig: [classpath:/application-qa.properties] [org.springframework.boot.env.OriginTrackedMapPropertySource] to EncryptableMapPropertySourceWrapper
2024-10-18 19:13:54,357 INFO com.ulisesbocchio.jasyptspringboot.EncryptablePropertySourceConverter [restartedMain] Converting PropertySource devtools [org.springframework.core.env.MapPropertySource] to EncryptableMapPropertySourceWrapper
2024-10-18 19:13:54,880 INFO org.springframework.context.support.PostProcessorRegistrationDelegate$BeanPostProcessorChecker [restartedMain] Bean 'org.springframework.transaction.annotation.ProxyTransactionManagementConfiguration' of type [org.springframework.transaction.annotation.ProxyTransactionManagementConfiguration$$EnhancerBySpringCGLIB$$2ecb3e61] is not eligible for getting processed by all BeanPostProcessors (for example: not eligible for auto-proxying)
2024-10-18 19:13:55,031 INFO org.springframework.context.support.PostProcessorRegistrationDelegate$BeanPostProcessorChecker [restartedMain] Bean 'org.springframework.security.config.annotation.configuration.ObjectPostProcessorConfiguration' of type [org.springframework.security.config.annotation.configuration.ObjectPostProcessorConfiguration$$EnhancerBySpringCGLIB$$c779069b] is not eligible for getting processed by all BeanPostProcessors (for example: not eligible for auto-proxying)
2024-10-18 19:13:55,047 INFO org.springframework.context.support.PostProcessorRegistrationDelegate$BeanPostProcessorChecker [restartedMain] Bean 'objectPostProcessor' of type [org.springframework.security.config.annotation.configuration.AutowireBeanFactoryObjectPostProcessor] is not eligible for getting processed by all BeanPostProcessors (for example: not eligible for auto-proxying)
2024-10-18 19:13:55,047 INFO org.springframework.context.support.PostProcessorRegistrationDelegate$BeanPostProcessorChecker [restartedMain] Bean 'org.springframework.security.access.expression.method.DefaultMethodSecurityExpressionHandler@6274b94b' of type [org.springframework.security.access.expression.method.DefaultMethodSecurityExpressionHandler] is not eligible for getting processed by all BeanPostProcessors (for example: not eligible for auto-proxying)
2024-10-18 19:13:55,047 INFO org.springframework.context.support.PostProcessorRegistrationDelegate$BeanPostProcessorChecker [restartedMain] Bean 'org.springframework.security.config.annotation.method.configuration.GlobalMethodSecurityConfiguration' of type [org.springframework.security.config.annotation.method.configuration.GlobalMethodSecurityConfiguration$$EnhancerBySpringCGLIB$$ec4da94d] is not eligible for getting processed by all BeanPostProcessors (for example: not eligible for auto-proxying)
2024-10-18 19:13:55,076 INFO org.springframework.context.support.PostProcessorRegistrationDelegate$BeanPostProcessorChecker [restartedMain] Bean 'org.springframework.security.config.annotation.method.configuration.Jsr250MetadataSourceConfiguration' of type [org.springframework.security.config.annotation.method.configuration.Jsr250MetadataSourceConfiguration$$EnhancerBySpringCGLIB$$11a2c163] is not eligible for getting processed by all BeanPostProcessors (for example: not eligible for auto-proxying)
2024-10-18 19:13:55,085 INFO org.springframework.context.support.PostProcessorRegistrationDelegate$BeanPostProcessorChecker [restartedMain] Bean 'jsr250MethodSecurityMetadataSource' of type [org.springframework.security.access.annotation.Jsr250MethodSecurityMetadataSource] is not eligible for getting processed by all BeanPostProcessors (for example: not eligible for auto-proxying)
2024-10-18 19:13:55,085 INFO org.springframework.context.support.PostProcessorRegistrationDelegate$BeanPostProcessorChecker [restartedMain] Bean 'methodSecurityMetadataSource' of type [org.springframework.security.access.method.DelegatingMethodSecurityMetadataSource] is not eligible for getting processed by all BeanPostProcessors (for example: not eligible for auto-proxying)
2024-10-18 19:13:55,157 INFO org.springframework.context.support.PostProcessorRegistrationDelegate$BeanPostProcessorChecker [restartedMain] Bean 'org.springframework.hateoas.config.HateoasConfiguration' of type [org.springframework.hateoas.config.HateoasConfiguration$$EnhancerBySpringCGLIB$$ae4b8b93] is not eligible for getting processed by all BeanPostProcessors (for example: not eligible for auto-proxying)
2024-10-18 19:13:55,414 INFO com.ulisesbocchio.jasyptspringboot.filter.DefaultLazyPropertyFilter [restartedMain] Property Filter custom Bean not found with name 'encryptablePropertyFilter'. Initializing Default Property Filter
2024-10-18 19:13:55,431 INFO com.ulisesbocchio.jasyptspringboot.resolver.DefaultLazyPropertyResolver [restartedMain] Property Resolver custom Bean not found with name 'encryptablePropertyResolver'. Initializing Default Property Resolver
2024-10-18 19:13:55,439 INFO com.ulisesbocchio.jasyptspringboot.detector.DefaultLazyPropertyDetector [restartedMain] Property Detector custom Bean not found with name 'encryptablePropertyDetector'. Initializing Default Property Detector
2024-10-18 19:13:57,021 INFO org.springframework.boot.web.embedded.tomcat.TomcatWebServer [restartedMain] Tomcat initialized with port(s): 5000 (http)
2024-10-18 19:13:57,069 INFO org.apache.juli.logging.DirectJDKLog [restartedMain] Initializing ProtocolHandler ["http-nio-5000"]
2024-10-18 19:13:57,086 INFO org.apache.juli.logging.DirectJDKLog [restartedMain] Starting service [Tomcat]
2024-10-18 19:13:57,086 INFO org.apache.juli.logging.DirectJDKLog [restartedMain] Starting Servlet Engine: Apache Tomcat/9.0.12
2024-10-18 19:13:57,102 INFO org.apache.juli.logging.DirectJDKLog [restartedMain] The APR based Apache Tomcat Native library which allows optimal performance in production environments was not found on the java.library.path: [C:\Program Files\Java\jre1.8.0_421\bin;C:\WINDOWS\Sun\Java\bin;C:\WINDOWS\system32;C:\WINDOWS;C:/Program Files/Java/jre1.8.0_421/bin/server;C:/Program Files/Java/jre1.8.0_421/bin;C:/Program Files/Java/jre1.8.0_421/lib/amd64;C:\Program Files (x86)\Common Files\Oracle\Java\java8path;C:\Program Files (x86)\Common Files\Oracle\Java\javapath;D:\Softwares\WINDOWS.X64_193000_db_home\bin;C:\ProgramData\Oracle\Java\javapath;C:\WINDOWS\system32;C:\WINDOWS;C:\WINDOWS\System32\Wbem;C:\WINDOWS\System32\WindowsPowerShell\v1.0\;C:\WINDOWS\System32\OpenSSH\;C:\Program Files\TortoiseGit\bin;C:\xampp\php;C:\ProgramData\ComposerSetup\bin;C:\Program Files\Java\jdk1.8.0_202\bin;C:\Program Files\nodejs\;C:\Users\30514\AppData\Local\Microsoft\WindowsApps;C:\Users\30514\AppData\Local\Programs\Microsoft VS Code\bin;C:\Users\30514\AppData\Local\Programs\Git\cmd;C:\Users\30514\AppData\Roaming\npm;D:\Softwares\spring-tool-suite-3.9.12.RELEASE-e4.15.0-win32-x86_64\sts-bundle\sts-3.9.12.RELEASE;;.]
2024-10-18 19:13:57,587 INFO org.apache.juli.logging.DirectJDKLog [restartedMain] Initializing Spring embedded WebApplicationContext
2024-10-18 19:13:57,587 DEBUG org.springframework.boot.web.servlet.context.ServletWebServerApplicationContext [restartedMain] Published root WebApplicationContext as ServletContext attribute with name [org.springframework.web.context.WebApplicationContext.ROOT]
2024-10-18 19:13:57,587 INFO org.springframework.boot.web.servlet.context.ServletWebServerApplicationContext [restartedMain] Root WebApplicationContext: initialization completed in 10555 ms
2024-10-18 19:13:58,089 INFO com.zaxxer.hikari.HikariDataSource [restartedMain] HikariPool-1 - Starting...
2024-10-18 19:13:58,506 INFO com.zaxxer.hikari.HikariDataSource [restartedMain] HikariPool-1 - Start completed.
2024-10-18 19:13:58,730 INFO org.hibernate.jpa.internal.util.LogHelper [restartedMain] HHH000204: Processing PersistenceUnitInfo [
	name: default
	...]
2024-10-18 19:13:58,993 INFO org.hibernate.Version [restartedMain] HHH000412: Hibernate Core {5.3.7.Final}
2024-10-18 19:13:59,001 INFO org.hibernate.cfg.Environment [restartedMain] HHH000206: hibernate.properties not found
2024-10-18 19:13:59,465 INFO org.hibernate.annotations.common.reflection.java.JavaReflectionManager [restartedMain] HCANN000001: Hibernate Commons Annotations {5.0.4.Final}
2024-10-18 19:13:59,988 INFO org.hibernate.dialect.Dialect [restartedMain] HHH000400: Using dialect: com.fertilizer.config.MyCustomMYSQLDialect
2024-10-18 19:14:04,824 INFO org.springframework.orm.jpa.AbstractEntityManagerFactoryBean [restartedMain] Initialized JPA EntityManagerFactory for persistence unit 'default'
2024-10-18 19:14:06,441 INFO org.hibernate.hql.internal.QueryTranslatorFactoryInitiator [restartedMain] HHH000397: Using ASTQueryTranslatorFactory
2024-10-18 19:14:08,976 INFO org.springframework.boot.web.servlet.AbstractFilterRegistrationBean [restartedMain] Mapping filter: 'characterEncodingFilter' to: [/*]
2024-10-18 19:14:08,976 INFO org.springframework.boot.web.servlet.AbstractFilterRegistrationBean [restartedMain] Mapping filter: 'springSecurityFilterChain' to: [/*]
2024-10-18 19:14:08,976 INFO org.springframework.boot.web.servlet.AbstractFilterRegistrationBean [restartedMain] Mapping filter: 'myLoggerFilter' to: [/*]
2024-10-18 19:14:08,976 INFO org.springframework.boot.web.servlet.AbstractFilterRegistrationBean [restartedMain] Mapping filter: 'requestResponseLoggingFilter' to: [/*]
2024-10-18 19:14:08,976 INFO org.springframework.boot.web.servlet.AbstractFilterRegistrationBean [restartedMain] Mapping filter: 'jwtAuthenticationFilter' to: [/*]
2024-10-18 19:14:08,976 INFO org.springframework.boot.web.servlet.ServletRegistrationBean [restartedMain] Servlet dispatcherServlet mapped to [/]
2024-10-18 19:14:08,992 INFO org.springframework.boot.web.servlet.ServletRegistrationBean [restartedMain] Servlet webServlet mapped to [/h2-console/*]
2024-10-18 19:14:09,040 DEBUG org.springframework.web.filter.GenericFilterBean [restartedMain] Filter 'jwtAuthenticationFilter' configured for use
2024-10-18 19:14:09,055 DEBUG org.springframework.web.filter.GenericFilterBean [restartedMain] Filter 'requestResponseLoggingFilter' configured for use
2024-10-18 19:14:15,914 TRACE org.springframework.web.servlet.handler.AbstractHandlerMethodMapping [restartedMain] Mapped 2 handler method(s) for class com.fertilizer.controller.AuthController: {public org.springframework.http.ResponseEntity com.fertilizer.controller.AuthController.logoutAuthenticateUser(javax.servlet.http.HttpServletRequest,javax.servlet.http.HttpServletResponse)={[/auth/signout],methods=[POST]}, public org.springframework.http.ResponseEntity com.fertilizer.controller.AuthController.authenticateUser(com.fertilizer.request1.LoginRequest,javax.servlet.http.HttpServletRequest,javax.servlet.http.HttpServletResponse)={[/auth/signin],methods=[POST]}}
2024-10-18 19:14:15,953 TRACE org.springframework.web.servlet.handler.AbstractHandlerMethodMapping [restartedMain] Mapped 3 handler method(s) for class com.fertilizer.controller.CartController: {public void com.fertilizer.controller.CartController.deleteCartItem(java.lang.Integer)={[/deleteCartItem/{cartId}],methods=[DELETE]}, public com.fertilizer.model.Cart com.fertilizer.controller.CartController.addTocart(java.lang.Integer)={[/addToCart/{productId}],methods=[GET]}, public java.util.List com.fertilizer.controller.CartController.getCartDetails()={[/getCartDetails],methods=[GET]}}
2024-10-18 19:14:15,953 TRACE org.springframework.web.servlet.handler.AbstractHandlerMethodMapping [restartedMain] Mapped 2 handler method(s) for class com.fertilizer.controller.CityController: {public org.springframework.http.ResponseEntity com.fertilizer.controller.CityController.getAllCity(com.fertilizer.request1.CityListRequestDTO)={[/city],methods=[GET]}, public org.springframework.http.ResponseEntity com.fertilizer.controller.CityController.getAllState(com.fertilizer.request1.StateListRequestDTO)={[/state],methods=[GET]}}
2024-10-18 19:14:15,953 TRACE org.springframework.web.servlet.handler.AbstractHandlerMethodMapping [restartedMain] Mapped 0 handler method(s) for class com.fertilizer.controller.ClientsController: {}
2024-10-18 19:14:15,953 TRACE org.springframework.web.servlet.handler.AbstractHandlerMethodMapping [restartedMain] Mapped 0 handler method(s) for class com.fertilizer.controller.OrderController: {}
2024-10-18 19:14:15,961 TRACE org.springframework.web.servlet.handler.AbstractHandlerMethodMapping [restartedMain] Mapped 3 handler method(s) for class com.fertilizer.controller.OrderDetailController: {public java.util.List com.fertilizer.controller.OrderDetailController.getAllOrderDetails()={[/getAllOrderDetails],methods=[GET]}, public void com.fertilizer.controller.OrderDetailController.placeOrder(boolean,com.fertilizer.model.OrderInput)={[/placeOrder/{isSingleProductCheckout}],methods=[POST]}, public java.util.List com.fertilizer.controller.OrderDetailController.getOrderDetails()={[/getOrderDetails],methods=[GET]}}
2024-10-18 19:14:15,961 TRACE org.springframework.web.servlet.handler.AbstractHandlerMethodMapping [restartedMain] Mapped 4 handler method(s) for class com.fertilizer.controller.PasswordController: {public org.springframework.http.ResponseEntity com.fertilizer.controller.PasswordController.getPasswordRecoveryOtp(java.lang.String)={[/get-password-recovery-otp],methods=[GET]}, public org.springframework.http.ResponseEntity com.fertilizer.controller.PasswordController.verifyPasswordRecoveryOtp(com.fertilizer.request1.UserOtpDTO)={[/verify-password-recovery-otp],methods=[POST]}, public org.springframework.http.ResponseEntity com.fertilizer.controller.PasswordController.changePassword(com.fertilizer.request1.ChangePasswordDto,javax.servlet.http.HttpServletRequest)={[/change-password],methods=[POST]}, public org.springframework.http.ResponseEntity com.fertilizer.controller.PasswordController.resetPassword(com.fertilizer.request1.ResetPasswordDto)={[/reset-password],methods=[POST]}}
2024-10-18 19:14:15,970 TRACE org.springframework.web.servlet.handler.AbstractHandlerMethodMapping [restartedMain] Mapped 5 handler method(s) for class com.fertilizer.controller.ProductController: {public void com.fertilizer.controller.ProductController.deleteProductDetailes(java.lang.Integer)={[/deleteProductDetails/{productId}],methods=[DELETE]}, public com.fertilizer.model.Product com.fertilizer.controller.ProductController.getProductDetailsById(java.lang.Integer)={[/getProductDetailsById/{productId}],methods=[GET]}, public java.util.List com.fertilizer.controller.ProductController.getProductDetails(boolean,java.lang.Integer)={[/getProductDetails/{isSingeProductCheckout}/{productId}],methods=[GET]}, public java.util.List com.fertilizer.controller.ProductController.getAllProducts(int,java.lang.String)={[/getAllProducts],methods=[GET]}, public com.fertilizer.model.Product com.fertilizer.controller.ProductController.addNewProduct(com.fertilizer.model.Product,org.springframework.web.multipart.MultipartFile[])={[/addNewProduct],methods=[POST],consumes=[multipart/form-data]}}
2024-10-18 19:14:15,985 TRACE org.springframework.web.servlet.handler.AbstractHandlerMethodMapping [restartedMain] Mapped 7 handler method(s) for class com.fertilizer.controller.RoleController: {public org.springframework.http.ResponseEntity com.fertilizer.controller.RoleController.resendSubUserOnboardingLink(java.lang.Long)={[/role/resend-user-onboarding-link],methods=[POST]}, public org.springframework.http.ResponseEntity com.fertilizer.controller.RoleController.getSubUserRegistrationData(java.lang.Long)={[/role/sub-user-registered-detail],methods=[GET]}, public org.springframework.http.ResponseEntity com.fertilizer.controller.RoleController.activateOrDeactivatesubUser(java.lang.Long,java.lang.String)={[/role],methods=[PATCH]}, public org.springframework.http.ResponseEntity com.fertilizer.controller.RoleController.getOrderCountForUser(java.lang.Long)={[/role/get-order-count],methods=[GET]}, public org.springframework.http.ResponseEntity com.fertilizer.controller.RoleController.updateSubUserProfile(java.lang.Long,com.fertilizer.request1.RoleBasedUpdateUserDTO,javax.servlet.http.HttpServletRequest)={[/role/update-sub-user-profile/{userId}],methods=[PUT]}, public org.springframework.http.ResponseEntity com.fertilizer.controller.RoleController.updateSubUserDetailsBySuperAdmin(java.lang.Long,com.fertilizer.request1.RoleBasedUpdateUserDTO)={[/role/update-sub-user-details/{userId}],methods=[PUT]}, public org.springframework.http.ResponseEntity com.fertilizer.controller.RoleController.addUser(com.fertilizer.request1.RoleBasedUserCreateDTO)={[/role/addUser],methods=[POST]}}
2024-10-18 19:14:15,996 TRACE org.springframework.web.servlet.handler.AbstractHandlerMethodMapping [restartedMain] Mapped 7 handler method(s) for class com.fertilizer.controller.UserController: {public org.springframework.http.ResponseEntity com.fertilizer.controller.UserController.getUserProfileDetailDTO()={[/user/me],methods=[GET]}, public org.springframework.http.ResponseEntity com.fertilizer.controller.UserController.updateUserProfileDetailDTO(com.fertilizer.request1.UserUpdate,javax.servlet.http.HttpServletRequest)={[/user/me],methods=[PATCH]}, public org.springframework.http.ResponseEntity com.fertilizer.controller.UserController.viewProfile()={[/profile],methods=[GET]}, public org.springframework.http.ResponseEntity com.fertilizer.controller.UserController.editProfile(com.fertilizer.DTO.EditProfileRequestDTO)={[/profile],methods=[PUT]}, public org.springframework.http.ResponseEntity com.fertilizer.controller.UserController.signUpUser(com.fertilizer.request.SignUpRequest)={[/signUp],methods=[POST]}, public org.springframework.http.ResponseEntity com.fertilizer.controller.UserController.getUserHierarchy()={[/getAllUsers],methods=[GET]}, public com.fertilizer.model.User com.fertilizer.controller.UserController.registerNewUser(com.fertilizer.model.User)={[/registerNewUser],methods=[POST]}}
2024-10-18 19:14:16,020 TRACE org.springframework.web.servlet.handler.AbstractHandlerMethodMapping [restartedMain] Mapped 3 handler method(s) for class springfox.documentation.swagger.web.ApiResourceController: {public org.springframework.http.ResponseEntity springfox.documentation.swagger.web.ApiResourceController.uiConfiguration()={[/swagger-resources/configuration/ui]}, public org.springframework.http.ResponseEntity springfox.documentation.swagger.web.ApiResourceController.swaggerResources()={[/swagger-resources]}, public org.springframework.http.ResponseEntity springfox.documentation.swagger.web.ApiResourceController.securityConfiguration()={[/swagger-resources/configuration/security]}}
2024-10-18 19:14:16,030 TRACE org.springframework.web.servlet.handler.AbstractHandlerMethodMapping [restartedMain] Mapped 2 handler method(s) for class org.springframework.boot.autoconfigure.web.servlet.error.BasicErrorController: {public org.springframework.http.ResponseEntity org.springframework.boot.autoconfigure.web.servlet.error.BasicErrorController.error(javax.servlet.http.HttpServletRequest)={[/error]}, public org.springframework.web.servlet.ModelAndView org.springframework.boot.autoconfigure.web.servlet.error.BasicErrorController.errorHtml(javax.servlet.http.HttpServletRequest,javax.servlet.http.HttpServletResponse)={[/error],produces=[text/html]}}
2024-10-18 19:14:16,037 DEBUG org.springframework.web.servlet.handler.AbstractHandlerMethodMapping [restartedMain] 38 mappings in 'requestMappingHandlerMapping'
2024-10-18 19:14:17,063 INFO org.springframework.scheduling.concurrent.ExecutorConfigurationSupport [restartedMain] Initializing ExecutorService
2024-10-18 19:14:17,069 INFO org.springframework.scheduling.concurrent.ExecutorConfigurationSupport [restartedMain] Initializing ExecutorService 'asyncExecutor'
2024-10-18 19:14:18,146 INFO springfox.documentation.spring.web.PropertySourcedRequestMappingHandlerMapping [restartedMain] Mapped URL path [/v2/api-docs] onto method [public org.springframework.http.ResponseEntity<springfox.documentation.spring.web.json.Json> springfox.documentation.swagger2.web.Swagger2Controller.getDocumentation(java.lang.String,javax.servlet.http.HttpServletRequest)]
2024-10-18 19:14:18,251 TRACE org.springframework.web.servlet.handler.AbstractUrlHandlerMapping [restartedMain] Mapped [/documentation/v2/api-docs] onto ParameterizableViewController [view=org.springframework.web.servlet.view.RedirectView: [RedirectView]; URL [/v2/api-docs]]
2024-10-18 19:14:18,251 TRACE org.springframework.web.servlet.handler.AbstractUrlHandlerMapping [restartedMain] Mapped [/documentation/swagger-resources/configuration/ui] onto ParameterizableViewController [view=org.springframework.web.servlet.view.RedirectView: [RedirectView]; URL [/swagger-resources/configuration/ui]]
2024-10-18 19:14:18,251 TRACE org.springframework.web.servlet.handler.AbstractUrlHandlerMapping [restartedMain] Mapped [/documentation/swagger-resources/configuration/security] onto ParameterizableViewController [view=org.springframework.web.servlet.view.RedirectView: [RedirectView]; URL [/swagger-resources/configuration/security]]
2024-10-18 19:14:18,251 TRACE org.springframework.web.servlet.handler.AbstractUrlHandlerMapping [restartedMain] Mapped [/documentation/swagger-resources] onto ParameterizableViewController [view=org.springframework.web.servlet.view.RedirectView: [RedirectView]; URL [/swagger-resources]]
2024-10-18 19:14:18,259 DEBUG org.springframework.web.servlet.handler.SimpleUrlHandlerMapping [restartedMain] Patterns [/documentation/v2/api-docs, /documentation/swagger-resources/configuration/ui, /documentation/swagger-resources/configuration/security, /documentation/swagger-resources] in 'viewControllerHandlerMapping'
2024-10-18 19:14:18,316 DEBUG org.springframework.web.servlet.handler.AbstractDetectingUrlHandlerMapping [restartedMain] Detected 0 mappings in 'beanNameHandlerMapping'
2024-10-18 19:14:18,413 TRACE org.springframework.web.servlet.handler.AbstractUrlHandlerMapping [restartedMain] Mapped [/documentation/**] onto ResourceHttpRequestHandler ["classpath:/META-INF/resources/"]
2024-10-18 19:14:18,413 TRACE org.springframework.web.servlet.handler.AbstractUrlHandlerMapping [restartedMain] Mapped [/**] onto ResourceHttpRequestHandler ["classpath:/resources/"]
2024-10-18 19:14:18,413 DEBUG org.springframework.web.servlet.handler.SimpleUrlHandlerMapping [restartedMain] Patterns [/documentation/**, /**] in 'resourceHandlerMapping'
2024-10-18 19:14:18,475 INFO org.springframework.security.web.DefaultSecurityFilterChain [restartedMain] Creating filter chain: any request, [org.springframework.security.web.context.request.async.WebAsyncManagerIntegrationFilter@48af2cdd, org.springframework.security.web.context.SecurityContextPersistenceFilter@de288f9, org.springframework.security.web.header.HeaderWriterFilter@531abef3, org.springframework.web.filter.CorsFilter@14b30585, org.springframework.security.web.authentication.logout.LogoutFilter@448ee4b8, com.fertilizer.config.JwtAuthenticationFilter@6409796, org.springframework.security.web.savedrequest.RequestCacheAwareFilter@15c821, org.springframework.security.web.servletapi.SecurityContextHolderAwareRequestFilter@16294278, org.springframework.security.web.authentication.AnonymousAuthenticationFilter@64c442e9, com.fertilizer.util.CorsFilter@1f0f03b8, org.springframework.security.web.session.SessionManagementFilter@45a9cdc5, org.springframework.security.web.access.ExceptionTranslationFilter@2c41e62e, org.springframework.security.web.access.intercept.FilterSecurityInterceptor@610607b5]
2024-10-18 19:14:19,313 INFO org.springframework.boot.devtools.autoconfigure.OptionalLiveReloadServer [restartedMain] LiveReload server is running on port 35729
2024-10-18 19:14:19,413 DEBUG org.springframework.web.servlet.mvc.method.annotation.RequestMappingHandlerAdapter [restartedMain] ControllerAdvice beans: 0 @ModelAttribute, 0 @InitBinder, 1 RequestBodyAdvice, 1, ResponseBodyAdvice
2024-10-18 19:14:19,651 DEBUG org.springframework.web.servlet.mvc.method.annotation.ExceptionHandlerExceptionResolver [restartedMain] ControllerAdvice beans: 20 @ExceptionHandler, 1 ResponseBodyAdvice
2024-10-18 19:14:19,863 WARN org.springframework.boot.autoconfigure.orm.jpa.JpaBaseConfiguration$JpaWebConfiguration$JpaWebMvcConfiguration [restartedMain] spring.jpa.open-in-view is enabled by default. Therefore, database queries may be performed during view rendering. Explicitly configure spring.jpa.open-in-view to disable this warning
2024-10-18 19:14:22,314 INFO springfox.documentation.spring.web.plugins.DocumentationPluginsBootstrapper [restartedMain] Context refreshed
2024-10-18 19:14:22,399 INFO springfox.documentation.spring.web.plugins.DocumentationPluginsBootstrapper [restartedMain] Found 1 custom documentation plugin(s)
2024-10-18 19:14:22,562 INFO springfox.documentation.spring.web.scanners.ApiListingReferenceScanner [restartedMain] Scanning for api listing references
2024-10-18 19:14:24,117 INFO org.apache.juli.logging.DirectJDKLog [restartedMain] Starting ProtocolHandler ["http-nio-5000"]
2024-10-18 19:14:24,157 INFO org.apache.juli.logging.DirectJDKLog [restartedMain] Using a shared selector for servlet write/read
2024-10-18 19:14:24,222 INFO org.springframework.boot.web.embedded.tomcat.TomcatWebServer [restartedMain] Tomcat started on port(s): 5000 (http) with context path '/api'
2024-10-18 19:14:24,225 INFO com.ulisesbocchio.jasyptspringboot.caching.RefreshScopeRefreshedEventListener [restartedMain] Refreshing cached encryptable property sources on ServletWebServerInitializedEvent
2024-10-18 19:14:24,225 INFO com.ulisesbocchio.jasyptspringboot.caching.CachingDelegateEncryptablePropertySource [restartedMain] Property Source commandLineArgs refreshed
2024-10-18 19:14:24,229 INFO com.ulisesbocchio.jasyptspringboot.caching.CachingDelegateEncryptablePropertySource [restartedMain] Property Source systemProperties refreshed
2024-10-18 19:14:24,230 INFO com.ulisesbocchio.jasyptspringboot.caching.CachingDelegateEncryptablePropertySource [restartedMain] Property Source systemEnvironment refreshed
2024-10-18 19:14:24,230 INFO com.ulisesbocchio.jasyptspringboot.caching.CachingDelegateEncryptablePropertySource [restartedMain] Property Source random refreshed
2024-10-18 19:14:24,230 INFO com.ulisesbocchio.jasyptspringboot.caching.CachingDelegateEncryptablePropertySource [restartedMain] Property Source applicationConfig: [classpath:/application-qa.properties] refreshed
2024-10-18 19:14:24,231 INFO com.ulisesbocchio.jasyptspringboot.caching.CachingDelegateEncryptablePropertySource [restartedMain] Property Source devtools refreshed
2024-10-18 19:14:24,231 INFO com.ulisesbocchio.jasyptspringboot.EncryptablePropertySourceConverter [restartedMain] Skipping PropertySource configurationProperties [class org.springframework.boot.context.properties.source.ConfigurationPropertySourcesPropertySource
2024-10-18 19:14:24,231 INFO com.ulisesbocchio.jasyptspringboot.EncryptablePropertySourceConverter [restartedMain] Skipping PropertySource servletConfigInitParams [class org.springframework.core.env.PropertySource$StubPropertySource
2024-10-18 19:14:24,231 INFO com.ulisesbocchio.jasyptspringboot.EncryptablePropertySourceConverter [restartedMain] Converting PropertySource servletContextInitParams [org.springframework.web.context.support.ServletContextPropertySource] to EncryptableEnumerablePropertySourceWrapper
2024-10-18 19:14:24,238 INFO org.springframework.boot.StartupInfoLogger [restartedMain] Started FertilizerApplication in 39.923 seconds (JVM running for 47.951)
2024-10-18 19:20:15,645 INFO org.apache.juli.logging.DirectJDKLog [http-nio-5000-exec-1] Initializing Spring DispatcherServlet 'dispatcherServlet'
2024-10-18 19:20:15,645 INFO org.springframework.web.servlet.FrameworkServlet [http-nio-5000-exec-1] Initializing Servlet 'dispatcherServlet'
2024-10-18 19:20:15,645 TRACE org.springframework.web.servlet.DispatcherServlet [http-nio-5000-exec-1] Detected org.springframework.web.multipart.support.StandardServletMultipartResolver@7d4c9506
2024-10-18 19:20:15,669 TRACE org.springframework.web.servlet.DispatcherServlet [http-nio-5000-exec-1] No LocaleResolver 'localeResolver': using default [AcceptHeaderLocaleResolver]
2024-10-18 19:20:15,676 TRACE org.springframework.web.servlet.DispatcherServlet [http-nio-5000-exec-1] No ThemeResolver 'themeResolver': using default [FixedThemeResolver]
2024-10-18 19:20:15,717 TRACE org.springframework.web.servlet.DispatcherServlet [http-nio-5000-exec-1] No RequestToViewNameTranslator 'viewNameTranslator': using default [DefaultRequestToViewNameTranslator]
2024-10-18 19:20:15,726 TRACE org.springframework.web.servlet.DispatcherServlet [http-nio-5000-exec-1] No FlashMapManager 'flashMapManager': using default [SessionFlashMapManager]
2024-10-18 19:20:15,727 DEBUG org.springframework.web.servlet.FrameworkServlet [http-nio-5000-exec-1] enableLoggingRequestDetails='false': request parameters and headers will be masked to prevent unsafe logging of potentially sensitive data
2024-10-18 19:20:15,727 INFO org.springframework.web.servlet.FrameworkServlet [http-nio-5000-exec-1] Completed initialization in 82 ms
2024-10-18 19:20:15,776 TRACE org.springframework.web.servlet.handler.AbstractHandlerMapping [http-nio-5000-exec-1] Mapped to public java.util.List<com.fertilizer.model.Product> com.fertilizer.controller.ProductController.getAllProducts(int,java.lang.String)
2024-10-18 19:20:15,862 TRACE org.springframework.core.log.LogFormatUtils [http-nio-5000-exec-1] GET "/api/getAllProducts?pageNumber=0&searchKey=", parameters={masked}, headers={masked} in DispatcherServlet 'dispatcherServlet'
2024-10-18 19:20:15,868 TRACE org.springframework.web.servlet.handler.AbstractHandlerMapping [http-nio-5000-exec-1] Mapped to public java.util.List<com.fertilizer.model.Product> com.fertilizer.controller.ProductController.getAllProducts(int,java.lang.String)
2024-10-18 19:20:15,927 TRACE org.springframework.web.method.support.InvocableHandlerMethod [http-nio-5000-exec-1] Arguments: [0, ]
2024-10-18 19:20:16,195 DEBUG org.hibernate.engine.jdbc.spi.SqlStatementLogger [http-nio-5000-exec-1] select product0_.product_id as product_1_14_, product0_.product_actual_price as product_2_14_, product0_.product_description as product_3_14_, product0_.product_discounted_price as product_4_14_, product0_.product_name as product_5_14_ from product product0_
2024-10-18 19:20:16,424 DEBUG org.hibernate.engine.jdbc.spi.SqlStatementLogger [http-nio-5000-exec-1] select productima0_.product_id as product_1_15_0_, productima0_.image_id as image_id2_15_0_, imagemodel1_.id as id1_8_1_, imagemodel1_.name as name2_8_1_, imagemodel1_.pic_byte as pic_byte3_8_1_, imagemodel1_.type as type4_8_1_ from product_images productima0_ inner join image_model imagemodel1_ on productima0_.image_id=imagemodel1_.id where productima0_.product_id=?
2024-10-18 19:20:16,461 DEBUG org.hibernate.engine.jdbc.spi.SqlStatementLogger [http-nio-5000-exec-1] select productima0_.product_id as product_1_15_0_, productima0_.image_id as image_id2_15_0_, imagemodel1_.id as id1_8_1_, imagemodel1_.name as name2_8_1_, imagemodel1_.pic_byte as pic_byte3_8_1_, imagemodel1_.type as type4_8_1_ from product_images productima0_ inner join image_model imagemodel1_ on productima0_.image_id=imagemodel1_.id where productima0_.product_id=?
2024-10-18 19:20:16,461 DEBUG org.hibernate.engine.jdbc.spi.SqlStatementLogger [http-nio-5000-exec-1] select productima0_.product_id as product_1_15_0_, productima0_.image_id as image_id2_15_0_, imagemodel1_.id as id1_8_1_, imagemodel1_.name as name2_8_1_, imagemodel1_.pic_byte as pic_byte3_8_1_, imagemodel1_.type as type4_8_1_ from product_images productima0_ inner join image_model imagemodel1_ on productima0_.image_id=imagemodel1_.id where productima0_.product_id=?
2024-10-18 19:20:16,477 DEBUG org.hibernate.engine.jdbc.spi.SqlStatementLogger [http-nio-5000-exec-1] select productima0_.product_id as product_1_15_0_, productima0_.image_id as image_id2_15_0_, imagemodel1_.id as id1_8_1_, imagemodel1_.name as name2_8_1_, imagemodel1_.pic_byte as pic_byte3_8_1_, imagemodel1_.type as type4_8_1_ from product_images productima0_ inner join image_model imagemodel1_ on productima0_.image_id=imagemodel1_.id where productima0_.product_id=?
2024-10-18 19:20:16,477 DEBUG org.hibernate.engine.jdbc.spi.SqlStatementLogger [http-nio-5000-exec-1] select productima0_.product_id as product_1_15_0_, productima0_.image_id as image_id2_15_0_, imagemodel1_.id as id1_8_1_, imagemodel1_.name as name2_8_1_, imagemodel1_.pic_byte as pic_byte3_8_1_, imagemodel1_.type as type4_8_1_ from product_images productima0_ inner join image_model imagemodel1_ on productima0_.image_id=imagemodel1_.id where productima0_.product_id=?
2024-10-18 19:20:16,477 DEBUG org.hibernate.engine.jdbc.spi.SqlStatementLogger [http-nio-5000-exec-1] select productima0_.product_id as product_1_15_0_, productima0_.image_id as image_id2_15_0_, imagemodel1_.id as id1_8_1_, imagemodel1_.name as name2_8_1_, imagemodel1_.pic_byte as pic_byte3_8_1_, imagemodel1_.type as type4_8_1_ from product_images productima0_ inner join image_model imagemodel1_ on productima0_.image_id=imagemodel1_.id where productima0_.product_id=?
2024-10-18 19:20:16,493 DEBUG org.hibernate.engine.jdbc.spi.SqlStatementLogger [http-nio-5000-exec-1] select productima0_.product_id as product_1_15_0_, productima0_.image_id as image_id2_15_0_, imagemodel1_.id as id1_8_1_, imagemodel1_.name as name2_8_1_, imagemodel1_.pic_byte as pic_byte3_8_1_, imagemodel1_.type as type4_8_1_ from product_images productima0_ inner join image_model imagemodel1_ on productima0_.image_id=imagemodel1_.id where productima0_.product_id=?
2024-10-18 19:20:16,493 DEBUG org.hibernate.engine.jdbc.spi.SqlStatementLogger [http-nio-5000-exec-1] select productima0_.product_id as product_1_15_0_, productima0_.image_id as image_id2_15_0_, imagemodel1_.id as id1_8_1_, imagemodel1_.name as name2_8_1_, imagemodel1_.pic_byte as pic_byte3_8_1_, imagemodel1_.type as type4_8_1_ from product_images productima0_ inner join image_model imagemodel1_ on productima0_.image_id=imagemodel1_.id where productima0_.product_id=?
2024-10-18 19:20:16,508 DEBUG org.hibernate.engine.jdbc.spi.SqlStatementLogger [http-nio-5000-exec-1] select productima0_.product_id as product_1_15_0_, productima0_.image_id as image_id2_15_0_, imagemodel1_.id as id1_8_1_, imagemodel1_.name as name2_8_1_, imagemodel1_.pic_byte as pic_byte3_8_1_, imagemodel1_.type as type4_8_1_ from product_images productima0_ inner join image_model imagemodel1_ on productima0_.image_id=imagemodel1_.id where productima0_.product_id=?
2024-10-18 19:20:16,508 DEBUG org.hibernate.engine.jdbc.spi.SqlStatementLogger [http-nio-5000-exec-1] select productima0_.product_id as product_1_15_0_, productima0_.image_id as image_id2_15_0_, imagemodel1_.id as id1_8_1_, imagemodel1_.name as name2_8_1_, imagemodel1_.pic_byte as pic_byte3_8_1_, imagemodel1_.type as type4_8_1_ from product_images productima0_ inner join image_model imagemodel1_ on productima0_.image_id=imagemodel1_.id where productima0_.product_id=?
2024-10-18 19:20:16,508 DEBUG org.hibernate.engine.jdbc.spi.SqlStatementLogger [http-nio-5000-exec-1] select productima0_.product_id as product_1_15_0_, productima0_.image_id as image_id2_15_0_, imagemodel1_.id as id1_8_1_, imagemodel1_.name as name2_8_1_, imagemodel1_.pic_byte as pic_byte3_8_1_, imagemodel1_.type as type4_8_1_ from product_images productima0_ inner join image_model imagemodel1_ on productima0_.image_id=imagemodel1_.id where productima0_.product_id=?
2024-10-18 19:20:16,595 DEBUG org.springframework.web.servlet.mvc.method.annotation.AbstractMessageConverterMethodProcessor [http-nio-5000-exec-1] Using 'application/json', given [application/json, text/plain, */*] and supported [application/json, application/*+json, application/cbor]
2024-10-18 19:20:16,596 TRACE org.springframework.core.log.LogFormatUtils [http-nio-5000-exec-1] Writing [[com.fertilizer.model.Product@7f3c50a4, com.fertilizer.model.Product@145333a5, com.fertilizer.model. (truncated)...]
2024-10-18 19:20:16,709 TRACE org.springframework.web.servlet.DispatcherServlet [http-nio-5000-exec-1] No view rendering, null ModelAndView returned.
2024-10-18 19:20:16,709 DEBUG org.springframework.web.servlet.FrameworkServlet [http-nio-5000-exec-1] Completed 401 UNAUTHORIZED, headers={masked}
2024-10-18 19:20:16,955 DEBUG org.hibernate.engine.jdbc.spi.SqlStatementLogger [http-nio-5000-exec-1] insert into application_logs (created_at, created_by, updated_at, updated_by, status, application_error, class_name, client_ip, line_no, method_name, remarks, request_date, request_method, request_payload, request_uri, response, response_status, server_ip, user_id) values (?, ?, ?, ?, ?, ?, ?, ?, ?, ?, ?, ?, ?, ?, ?, ?, ?, ?, ?)
2024-10-18 19:20:17,102 TRACE org.springframework.core.log.LogFormatUtils [http-nio-5000-exec-1] "ERROR" dispatch for GET "/api/error?pageNumber=0&searchKey=", parameters={masked}, headers={masked} in DispatcherServlet 'dispatcherServlet'
2024-10-18 19:20:17,115 TRACE org.springframework.web.servlet.handler.AbstractHandlerMethodMapping [http-nio-5000-exec-1] 2 matching mappings: [{[/error]}, {[/error],produces=[text/html]}]
2024-10-18 19:20:17,116 TRACE org.springframework.web.servlet.handler.AbstractHandlerMapping [http-nio-5000-exec-1] Mapped to public org.springframework.http.ResponseEntity<java.util.Map<java.lang.String, java.lang.Object>> org.springframework.boot.autoconfigure.web.servlet.error.BasicErrorController.error(javax.servlet.http.HttpServletRequest)
2024-10-18 19:20:17,116 TRACE org.springframework.web.cors.DefaultCorsProcessor [http-nio-5000-exec-1] Skip: response already contains "Access-Control-Allow-Origin"
2024-10-18 19:20:17,119 TRACE org.springframework.web.method.support.InvocableHandlerMethod [http-nio-5000-exec-1] Arguments: [SecurityContextHolderAwareRequestWrapper[ FirewalledRequest[ org.apache.catalina.core.ApplicationHttpRequest@4b353557]]]
2024-10-18 19:20:17,126 DEBUG org.springframework.web.servlet.mvc.method.annotation.AbstractMessageConverterMethodProcessor [http-nio-5000-exec-1] Using 'application/json', given [application/json, text/plain, */*] and supported [application/json, application/*+json, application/cbor]
2024-10-18 19:20:17,128 TRACE org.springframework.core.log.LogFormatUtils [http-nio-5000-exec-1] Writing [{timestamp=Fri Oct 18 13:50:17 UTC 2024, status=401, error=Unauthorized, message=you don't have perm (truncated)...]
2024-10-18 19:20:17,143 TRACE org.springframework.web.servlet.DispatcherServlet [http-nio-5000-exec-1] No view rendering, null ModelAndView returned.
2024-10-18 19:20:17,143 DEBUG org.springframework.web.servlet.FrameworkServlet [http-nio-5000-exec-1] Exiting from "ERROR" dispatch, status 401, headers={masked}
2024-10-18 19:21:21,992 TRACE org.springframework.web.servlet.handler.AbstractHandlerMapping [http-nio-5000-exec-2] Mapped to public java.util.List<com.fertilizer.model.Product> com.fertilizer.controller.ProductController.getAllProducts(int,java.lang.String)
2024-10-18 19:21:22,001 TRACE org.springframework.core.log.LogFormatUtils [http-nio-5000-exec-2] GET "/api/getAllProducts?pageNumber=0&searchKey=", parameters={masked}, headers={masked} in DispatcherServlet 'dispatcherServlet'
2024-10-18 19:21:22,001 TRACE org.springframework.web.servlet.handler.AbstractHandlerMapping [http-nio-5000-exec-2] Mapped to public java.util.List<com.fertilizer.model.Product> com.fertilizer.controller.ProductController.getAllProducts(int,java.lang.String)
2024-10-18 19:21:22,001 TRACE org.springframework.web.method.support.InvocableHandlerMethod [http-nio-5000-exec-2] Arguments: [0, ]
2024-10-18 19:21:22,009 DEBUG org.hibernate.engine.jdbc.spi.SqlStatementLogger [http-nio-5000-exec-2] select product0_.product_id as product_1_14_, product0_.product_actual_price as product_2_14_, product0_.product_description as product_3_14_, product0_.product_discounted_price as product_4_14_, product0_.product_name as product_5_14_ from product product0_
2024-10-18 19:21:22,017 DEBUG org.hibernate.engine.jdbc.spi.SqlStatementLogger [http-nio-5000-exec-2] select productima0_.product_id as product_1_15_0_, productima0_.image_id as image_id2_15_0_, imagemodel1_.id as id1_8_1_, imagemodel1_.name as name2_8_1_, imagemodel1_.pic_byte as pic_byte3_8_1_, imagemodel1_.type as type4_8_1_ from product_images productima0_ inner join image_model imagemodel1_ on productima0_.image_id=imagemodel1_.id where productima0_.product_id=?
2024-10-18 19:21:22,017 DEBUG org.hibernate.engine.jdbc.spi.SqlStatementLogger [http-nio-5000-exec-2] select productima0_.product_id as product_1_15_0_, productima0_.image_id as image_id2_15_0_, imagemodel1_.id as id1_8_1_, imagemodel1_.name as name2_8_1_, imagemodel1_.pic_byte as pic_byte3_8_1_, imagemodel1_.type as type4_8_1_ from product_images productima0_ inner join image_model imagemodel1_ on productima0_.image_id=imagemodel1_.id where productima0_.product_id=?
2024-10-18 19:21:22,025 DEBUG org.hibernate.engine.jdbc.spi.SqlStatementLogger [http-nio-5000-exec-2] select productima0_.product_id as product_1_15_0_, productima0_.image_id as image_id2_15_0_, imagemodel1_.id as id1_8_1_, imagemodel1_.name as name2_8_1_, imagemodel1_.pic_byte as pic_byte3_8_1_, imagemodel1_.type as type4_8_1_ from product_images productima0_ inner join image_model imagemodel1_ on productima0_.image_id=imagemodel1_.id where productima0_.product_id=?
2024-10-18 19:21:22,033 DEBUG org.hibernate.engine.jdbc.spi.SqlStatementLogger [http-nio-5000-exec-2] select productima0_.product_id as product_1_15_0_, productima0_.image_id as image_id2_15_0_, imagemodel1_.id as id1_8_1_, imagemodel1_.name as name2_8_1_, imagemodel1_.pic_byte as pic_byte3_8_1_, imagemodel1_.type as type4_8_1_ from product_images productima0_ inner join image_model imagemodel1_ on productima0_.image_id=imagemodel1_.id where productima0_.product_id=?
2024-10-18 19:21:22,033 DEBUG org.hibernate.engine.jdbc.spi.SqlStatementLogger [http-nio-5000-exec-2] select productima0_.product_id as product_1_15_0_, productima0_.image_id as image_id2_15_0_, imagemodel1_.id as id1_8_1_, imagemodel1_.name as name2_8_1_, imagemodel1_.pic_byte as pic_byte3_8_1_, imagemodel1_.type as type4_8_1_ from product_images productima0_ inner join image_model imagemodel1_ on productima0_.image_id=imagemodel1_.id where productima0_.product_id=?
2024-10-18 19:21:22,042 DEBUG org.hibernate.engine.jdbc.spi.SqlStatementLogger [http-nio-5000-exec-2] select productima0_.product_id as product_1_15_0_, productima0_.image_id as image_id2_15_0_, imagemodel1_.id as id1_8_1_, imagemodel1_.name as name2_8_1_, imagemodel1_.pic_byte as pic_byte3_8_1_, imagemodel1_.type as type4_8_1_ from product_images productima0_ inner join image_model imagemodel1_ on productima0_.image_id=imagemodel1_.id where productima0_.product_id=?
2024-10-18 19:21:22,042 DEBUG org.hibernate.engine.jdbc.spi.SqlStatementLogger [http-nio-5000-exec-2] select productima0_.product_id as product_1_15_0_, productima0_.image_id as image_id2_15_0_, imagemodel1_.id as id1_8_1_, imagemodel1_.name as name2_8_1_, imagemodel1_.pic_byte as pic_byte3_8_1_, imagemodel1_.type as type4_8_1_ from product_images productima0_ inner join image_model imagemodel1_ on productima0_.image_id=imagemodel1_.id where productima0_.product_id=?
2024-10-18 19:21:22,042 DEBUG org.hibernate.engine.jdbc.spi.SqlStatementLogger [http-nio-5000-exec-2] select productima0_.product_id as product_1_15_0_, productima0_.image_id as image_id2_15_0_, imagemodel1_.id as id1_8_1_, imagemodel1_.name as name2_8_1_, imagemodel1_.pic_byte as pic_byte3_8_1_, imagemodel1_.type as type4_8_1_ from product_images productima0_ inner join image_model imagemodel1_ on productima0_.image_id=imagemodel1_.id where productima0_.product_id=?
2024-10-18 19:21:22,088 DEBUG org.hibernate.engine.jdbc.spi.SqlStatementLogger [http-nio-5000-exec-2] select productima0_.product_id as product_1_15_0_, productima0_.image_id as image_id2_15_0_, imagemodel1_.id as id1_8_1_, imagemodel1_.name as name2_8_1_, imagemodel1_.pic_byte as pic_byte3_8_1_, imagemodel1_.type as type4_8_1_ from product_images productima0_ inner join image_model imagemodel1_ on productima0_.image_id=imagemodel1_.id where productima0_.product_id=?
2024-10-18 19:21:22,092 DEBUG org.hibernate.engine.jdbc.spi.SqlStatementLogger [http-nio-5000-exec-2] select productima0_.product_id as product_1_15_0_, productima0_.image_id as image_id2_15_0_, imagemodel1_.id as id1_8_1_, imagemodel1_.name as name2_8_1_, imagemodel1_.pic_byte as pic_byte3_8_1_, imagemodel1_.type as type4_8_1_ from product_images productima0_ inner join image_model imagemodel1_ on productima0_.image_id=imagemodel1_.id where productima0_.product_id=?
2024-10-18 19:21:22,092 DEBUG org.hibernate.engine.jdbc.spi.SqlStatementLogger [http-nio-5000-exec-2] select productima0_.product_id as product_1_15_0_, productima0_.image_id as image_id2_15_0_, imagemodel1_.id as id1_8_1_, imagemodel1_.name as name2_8_1_, imagemodel1_.pic_byte as pic_byte3_8_1_, imagemodel1_.type as type4_8_1_ from product_images productima0_ inner join image_model imagemodel1_ on productima0_.image_id=imagemodel1_.id where productima0_.product_id=?
2024-10-18 19:21:22,105 DEBUG org.springframework.web.servlet.mvc.method.annotation.AbstractMessageConverterMethodProcessor [http-nio-5000-exec-2] Using 'application/json', given [application/json, text/plain, */*] and supported [application/json, application/*+json, application/cbor]
2024-10-18 19:21:22,105 TRACE org.springframework.core.log.LogFormatUtils [http-nio-5000-exec-2] Writing [[com.fertilizer.model.Product@73ca35e4, com.fertilizer.model.Product@76ec5ca8, com.fertilizer.model. (truncated)...]
2024-10-18 19:21:22,125 TRACE org.springframework.web.servlet.DispatcherServlet [http-nio-5000-exec-2] No view rendering, null ModelAndView returned.
2024-10-18 19:21:22,125 DEBUG org.springframework.web.servlet.FrameworkServlet [http-nio-5000-exec-2] Completed 401 UNAUTHORIZED, headers={masked}
2024-10-18 19:21:22,136 DEBUG org.hibernate.engine.jdbc.spi.SqlStatementLogger [http-nio-5000-exec-2] insert into application_logs (created_at, created_by, updated_at, updated_by, status, application_error, class_name, client_ip, line_no, method_name, remarks, request_date, request_method, request_payload, request_uri, response, response_status, server_ip, user_id) values (?, ?, ?, ?, ?, ?, ?, ?, ?, ?, ?, ?, ?, ?, ?, ?, ?, ?, ?)
2024-10-18 19:21:22,272 TRACE org.springframework.core.log.LogFormatUtils [http-nio-5000-exec-2] "ERROR" dispatch for GET "/api/error?pageNumber=0&searchKey=", parameters={masked}, headers={masked} in DispatcherServlet 'dispatcherServlet'
2024-10-18 19:21:22,272 TRACE org.springframework.web.servlet.handler.AbstractHandlerMethodMapping [http-nio-5000-exec-2] 2 matching mappings: [{[/error]}, {[/error],produces=[text/html]}]
2024-10-18 19:21:22,286 TRACE org.springframework.web.servlet.handler.AbstractHandlerMapping [http-nio-5000-exec-2] Mapped to public org.springframework.http.ResponseEntity<java.util.Map<java.lang.String, java.lang.Object>> org.springframework.boot.autoconfigure.web.servlet.error.BasicErrorController.error(javax.servlet.http.HttpServletRequest)
2024-10-18 19:21:22,286 TRACE org.springframework.web.cors.DefaultCorsProcessor [http-nio-5000-exec-2] Skip: response already contains "Access-Control-Allow-Origin"
2024-10-18 19:21:22,286 TRACE org.springframework.web.method.support.InvocableHandlerMethod [http-nio-5000-exec-2] Arguments: [SecurityContextHolderAwareRequestWrapper[ FirewalledRequest[ org.apache.catalina.core.ApplicationHttpRequest@44839d14]]]
2024-10-18 19:21:22,288 DEBUG org.springframework.web.servlet.mvc.method.annotation.AbstractMessageConverterMethodProcessor [http-nio-5000-exec-2] Using 'application/json', given [application/json, text/plain, */*] and supported [application/json, application/*+json, application/cbor]
2024-10-18 19:21:22,288 TRACE org.springframework.core.log.LogFormatUtils [http-nio-5000-exec-2] Writing [{timestamp=Fri Oct 18 13:51:22 UTC 2024, status=401, error=Unauthorized, message=you don't have perm (truncated)...]
2024-10-18 19:21:22,288 TRACE org.springframework.web.servlet.DispatcherServlet [http-nio-5000-exec-2] No view rendering, null ModelAndView returned.
2024-10-18 19:21:22,288 DEBUG org.springframework.web.servlet.FrameworkServlet [http-nio-5000-exec-2] Exiting from "ERROR" dispatch, status 401, headers={masked}
